{"meta": {"format": 3, "version": "7.9.1", "timestamp": "2025-06-23T18:46:02.479121", "branch_coverage": false, "show_contexts": false}, "files": {"yggdrasil/__init__.py": {"executed_lines": [1, 8, 9], "summary": {"covered_lines": 2, "num_statements": 2, "percent_covered": 100.0, "percent_covered_display": "100", "missing_lines": 0, "excluded_lines": 0}, "missing_lines": [], "excluded_lines": [], "functions": {"": {"executed_lines": [1, 8, 9], "summary": {"covered_lines": 2, "num_statements": 2, "percent_covered": 100.0, "percent_covered_display": "100", "missing_lines": 0, "excluded_lines": 0}, "missing_lines": [], "excluded_lines": []}}, "classes": {"": {"executed_lines": [1, 8, 9], "summary": {"covered_lines": 2, "num_statements": 2, "percent_covered": 100.0, "percent_covered_display": "100", "missing_lines": 0, "excluded_lines": 0}, "missing_lines": [], "excluded_lines": []}}}, "yggdrasil/agents/__init__.py": {"executed_lines": [1, 3, 4, 5, 6, 7, 8, 9, 11], "summary": {"covered_lines": 8, "num_statements": 8, "percent_covered": 100.0, "percent_covered_display": "100", "missing_lines": 0, "excluded_lines": 0}, "missing_lines": [], "excluded_lines": [], "functions": {"": {"executed_lines": [1, 3, 4, 5, 6, 7, 8, 9, 11], "summary": {"covered_lines": 8, "num_statements": 8, "percent_covered": 100.0, "percent_covered_display": "100", "missing_lines": 0, "excluded_lines": 0}, "missing_lines": [], "excluded_lines": []}}, "classes": {"": {"executed_lines": [1, 3, 4, 5, 6, 7, 8, 9, 11], "summary": {"covered_lines": 8, "num_statements": 8, "percent_covered": 100.0, "percent_covered_display": "100", "missing_lines": 0, "excluded_lines": 0}, "missing_lines": [], "excluded_lines": []}}}, "yggdrasil/agents/base.py": {"executed_lines": [1, 3, 4, 5, 6, 7, 8, 10, 11, 12, 13, 14, 15, 17, 18, 19, 20, 23, 26, 27, 28, 29, 30, 31, 32, 33, 34, 37, 38, 40, 91, 101, 102, 106, 159, 172, 238, 257, 315, 326, 343], "summary": {"covered_lines": 38, "num_statements": 146, "percent_covered": 26.027397260273972, "percent_covered_display": "26", "missing_lines": 108, "excluded_lines": 0}, "missing_lines": [49, 50, 51, 52, 53, 56, 58, 59, 71, 78, 79, 82, 89, 93, 94, 95, 96, 97, 98, 99, 104, 114, 116, 124, 125, 126, 127, 130, 131, 134, 136, 137, 151, 153, 155, 156, 157, 166, 167, 168, 170, 179, 181, 184, 190, 191, 203, 212, 213, 214, 215, 217, 219, 222, 232, 234, 235, 236, 240, 241, 242, 244, 246, 247, 249, 251, 253, 254, 255, 263, 264, 265, 267, 269, 273, 275, 277, 278, 279, 284, 285, 295, 297, 298, 299, 309, 311, 312, 313, 317, 318, 319, 321, 322, 328, 329, 330, 335, 345, 346, 347, 348, 349, 350, 351, 352, 353, 354], "excluded_lines": [], "functions": {"BaseAgent.__init__": {"executed_lines": [], "summary": {"covered_lines": 0, "num_statements": 13, "percent_covered": 0.0, "percent_covered_display": "0", "missing_lines": 13, "excluded_lines": 0}, "missing_lines": [49, 50, 51, 52, 53, 56, 58, 59, 71, 78, 79, 82, 89], "excluded_lines": []}, "BaseAgent.initialize": {"executed_lines": [], "summary": {"covered_lines": 0, "num_statements": 7, "percent_covered": 0.0, "percent_covered_display": "0", "missing_lines": 7, "excluded_lines": 0}, "missing_lines": [93, 94, 95, 96, 97, 98, 99], "excluded_lines": []}, "BaseAgent.process": {"executed_lines": [], "summary": {"covered_lines": 0, "num_statements": 1, "percent_covered": 0.0, "percent_covered_display": "0", "missing_lines": 1, "excluded_lines": 0}, "missing_lines": [104], "excluded_lines": []}, "BaseAgent.hybrid_search": {"executed_lines": [], "summary": {"covered_lines": 0, "num_statements": 16, "percent_covered": 0.0, "percent_covered_display": "0", "missing_lines": 16, "excluded_lines": 0}, "missing_lines": [114, 116, 124, 125, 126, 127, 130, 131, 134, 136, 137, 151, 153, 155, 156, 157], "excluded_lines": []}, "BaseAgent.get_context_texts": {"executed_lines": [], "summary": {"covered_lines": 0, "num_statements": 4, "percent_covered": 0.0, "percent_covered_display": "0", "missing_lines": 4, "excluded_lines": 0}, "missing_lines": [166, 167, 168, 170], "excluded_lines": []}, "BaseAgent.generate_rag_response": {"executed_lines": [], "summary": {"covered_lines": 0, "num_statements": 17, "percent_covered": 0.0, "percent_covered_display": "0", "missing_lines": 17, "excluded_lines": 0}, "missing_lines": [179, 181, 184, 190, 191, 203, 212, 213, 214, 215, 217, 219, 222, 232, 234, 235, 236], "excluded_lines": []}, "BaseAgent._generate_basic_response": {"executed_lines": [], "summary": {"covered_lines": 0, "num_statements": 11, "percent_covered": 0.0, "percent_covered_display": "0", "missing_lines": 11, "excluded_lines": 0}, "missing_lines": [240, 241, 242, 244, 246, 247, 249, 251, 253, 254, 255], "excluded_lines": []}, "BaseAgent.query_database": {"executed_lines": [], "summary": {"covered_lines": 0, "num_statements": 20, "percent_covered": 0.0, "percent_covered_display": "0", "missing_lines": 20, "excluded_lines": 0}, "missing_lines": [263, 264, 265, 267, 269, 273, 275, 277, 278, 279, 284, 285, 295, 297, 298, 299, 309, 311, 312, 313], "excluded_lines": []}, "BaseAgent.update_stats": {"executed_lines": [], "summary": {"covered_lines": 0, "num_statements": 5, "percent_covered": 0.0, "percent_covered_display": "0", "missing_lines": 5, "excluded_lines": 0}, "missing_lines": [317, 318, 319, 321, 322], "excluded_lines": []}, "BaseAgent.get_stats": {"executed_lines": [], "summary": {"covered_lines": 0, "num_statements": 4, "percent_covered": 0.0, "percent_covered_display": "0", "missing_lines": 4, "excluded_lines": 0}, "missing_lines": [328, 329, 330, 335], "excluded_lines": []}, "BaseAgent.execute_with_timing": {"executed_lines": [], "summary": {"covered_lines": 0, "num_statements": 10, "percent_covered": 0.0, "percent_covered_display": "0", "missing_lines": 10, "excluded_lines": 0}, "missing_lines": [345, 346, 347, 348, 349, 350, 351, 352, 353, 354], "excluded_lines": []}, "": {"executed_lines": [1, 3, 4, 5, 6, 7, 8, 10, 11, 12, 13, 14, 15, 17, 18, 19, 20, 23, 26, 27, 28, 29, 30, 31, 32, 33, 34, 37, 38, 40, 91, 101, 102, 106, 159, 172, 238, 257, 315, 326, 343], "summary": {"covered_lines": 38, "num_statements": 38, "percent_covered": 100.0, "percent_covered_display": "100", "missing_lines": 0, "excluded_lines": 0}, "missing_lines": [], "excluded_lines": []}}, "classes": {"AgentResult": {"executed_lines": [], "summary": {"covered_lines": 0, "num_statements": 0, "percent_covered": 100.0, "percent_covered_display": "100", "missing_lines": 0, "excluded_lines": 0}, "missing_lines": [], "excluded_lines": []}, "BaseAgent": {"executed_lines": [], "summary": {"covered_lines": 0, "num_statements": 108, "percent_covered": 0.0, "percent_covered_display": "0", "missing_lines": 108, "excluded_lines": 0}, "missing_lines": [49, 50, 51, 52, 53, 56, 58, 59, 71, 78, 79, 82, 89, 93, 94, 95, 96, 97, 98, 99, 104, 114, 116, 124, 125, 126, 127, 130, 131, 134, 136, 137, 151, 153, 155, 156, 157, 166, 167, 168, 170, 179, 181, 184, 190, 191, 203, 212, 213, 214, 215, 217, 219, 222, 232, 234, 235, 236, 240, 241, 242, 244, 246, 247, 249, 251, 253, 254, 255, 263, 264, 265, 267, 269, 273, 275, 277, 278, 279, 284, 285, 295, 297, 298, 299, 309, 311, 312, 313, 317, 318, 319, 321, 322, 328, 329, 330, 335, 345, 346, 347, 348, 349, 350, 351, 352, 353, 354], "excluded_lines": []}, "": {"executed_lines": [1, 3, 4, 5, 6, 7, 8, 10, 11, 12, 13, 14, 15, 17, 18, 19, 20, 23, 26, 27, 28, 29, 30, 31, 32, 33, 34, 37, 38, 40, 91, 101, 102, 106, 159, 172, 238, 257, 315, 326, 343], "summary": {"covered_lines": 38, "num_statements": 38, "percent_covered": 100.0, "percent_covered_display": "100", "missing_lines": 0, "excluded_lines": 0}, "missing_lines": [], "excluded_lines": []}}}, "yggdrasil/agents/bias_detection.py": {"executed_lines": [1, 8, 9, 10, 11, 12, 13, 15, 16, 18, 19, 20, 23, 24, 27, 28, 34, 35, 36, 39, 40, 43, 44, 47, 48, 49, 52, 53, 54, 55, 56, 57, 58, 59, 60, 61, 62, 63, 66, 67, 70, 134, 141, 149, 221, 260, 293, 346, 392, 457, 482, 493, 530, 545, 588, 623, 645], "summary": {"covered_lines": 54, "num_statements": 231, "percent_covered": 23.376623376623378, "percent_covered_display": "23", "missing_lines": 177, "excluded_lines": 0}, "missing_lines": [21, 25, 29, 30, 31, 32, 37, 41, 45, 142, 146, 147, 164, 165, 166, 167, 168, 171, 172, 173, 174, 175, 178, 181, 182, 185, 188, 190, 204, 214, 215, 223, 226, 228, 229, 230, 231, 233, 235, 236, 237, 239, 241, 242, 243, 245, 256, 258, 262, 265, 271, 272, 273, 274, 275, 276, 278, 289, 291, 295, 298, 306, 314, 321, 327, 328, 329, 330, 331, 342, 344, 348, 351, 360, 368, 373, 374, 375, 376, 377, 388, 390, 394, 395, 397, 398, 421, 426, 427, 430, 431, 432, 434, 435, 436, 447, 449, 451, 452, 454, 455, 459, 462, 469, 470, 471, 472, 475, 476, 477, 478, 480, 484, 486, 487, 488, 489, 491, 495, 528, 532, 533, 535, 537, 539, 540, 541, 543, 547, 548, 557, 558, 560, 561, 562, 563, 564, 567, 568, 571, 572, 573, 574, 575, 576, 578, 580, 590, 591, 593, 596, 598, 599, 601, 602, 604, 605, 607, 608, 610, 611, 614, 621, 625, 626, 629, 631, 632, 634, 635, 636, 637, 638, 640, 641, 643, 647], "excluded_lines": [], "functions": {"BaseAgent.__init__": {"executed_lines": [], "summary": {"covered_lines": 0, "num_statements": 1, "percent_covered": 0.0, "percent_covered_display": "0", "missing_lines": 1, "excluded_lines": 0}, "missing_lines": [21], "excluded_lines": []}, "BaseAgent.analyze_text": {"executed_lines": [], "summary": {"covered_lines": 0, "num_statements": 1, "percent_covered": 0.0, "percent_covered_display": "0", "missing_lines": 1, "excluded_lines": 0}, "missing_lines": [25], "excluded_lines": []}, "AgentResult.__init__": {"executed_lines": [], "summary": {"covered_lines": 0, "num_statements": 4, "percent_covered": 0.0, "percent_covered_display": "0", "missing_lines": 4, "excluded_lines": 0}, "missing_lines": [29, 30, 31, 32], "excluded_lines": []}, "LLM.agenerate": {"executed_lines": [], "summary": {"covered_lines": 0, "num_statements": 1, "percent_covered": 0.0, "percent_covered_display": "0", "missing_lines": 1, "excluded_lines": 0}, "missing_lines": [37], "excluded_lines": []}, "HumanMessage.__init__": {"executed_lines": [], "summary": {"covered_lines": 0, "num_statements": 1, "percent_covered": 0.0, "percent_covered_display": "0", "missing_lines": 1, "excluded_lines": 0}, "missing_lines": [41], "excluded_lines": []}, "SystemMessage.__init__": {"executed_lines": [], "summary": {"covered_lines": 0, "num_statements": 1, "percent_covered": 0.0, "percent_covered_display": "0", "missing_lines": 1, "excluded_lines": 0}, "missing_lines": [45], "excluded_lines": []}, "BiasDetectionAgent.__init__": {"executed_lines": [], "summary": {"covered_lines": 0, "num_statements": 3, "percent_covered": 0.0, "percent_covered_display": "0", "missing_lines": 3, "excluded_lines": 0}, "missing_lines": [142, 146, 147], "excluded_lines": []}, "BiasDetectionAgent.analyze_text": {"executed_lines": [], "summary": {"covered_lines": 0, "num_statements": 19, "percent_covered": 0.0, "percent_covered_display": "0", "missing_lines": 19, "excluded_lines": 0}, "missing_lines": [164, 165, 166, 167, 168, 171, 172, 173, 174, 175, 178, 181, 182, 185, 188, 190, 204, 214, 215], "excluded_lines": []}, "BiasDetectionAgent._detect_pattern_biases": {"executed_lines": [], "summary": {"covered_lines": 0, "num_statements": 17, "percent_covered": 0.0, "percent_covered_display": "0", "missing_lines": 17, "excluded_lines": 0}, "missing_lines": [223, 226, 228, 229, 230, 231, 233, 235, 236, 237, 239, 241, 242, 243, 245, 256, 258], "excluded_lines": []}, "BiasDetectionAgent._detect_linguistic_biases": {"executed_lines": [], "summary": {"covered_lines": 0, "num_statements": 11, "percent_covered": 0.0, "percent_covered_display": "0", "missing_lines": 11, "excluded_lines": 0}, "missing_lines": [262, 265, 271, 272, 273, 274, 275, 276, 278, 289, 291], "excluded_lines": []}, "BiasDetectionAgent._detect_logical_biases": {"executed_lines": [], "summary": {"covered_lines": 0, "num_statements": 12, "percent_covered": 0.0, "percent_covered_display": "0", "missing_lines": 12, "excluded_lines": 0}, "missing_lines": [295, 298, 306, 314, 321, 327, 328, 329, 330, 331, 342, 344], "excluded_lines": []}, "BiasDetectionAgent._detect_cultural_biases": {"executed_lines": [], "summary": {"covered_lines": 0, "num_statements": 11, "percent_covered": 0.0, "percent_covered_display": "0", "missing_lines": 11, "excluded_lines": 0}, "missing_lines": [348, 351, 360, 368, 373, 374, 375, 376, 377, 388, 390], "excluded_lines": []}, "BiasDetectionAgent._ai_bias_analysis": {"executed_lines": [], "summary": {"covered_lines": 0, "num_statements": 19, "percent_covered": 0.0, "percent_covered_display": "0", "missing_lines": 19, "excluded_lines": 0}, "missing_lines": [394, 395, 397, 398, 421, 426, 427, 430, 431, 432, 434, 435, 436, 447, 449, 451, 452, 454, 455], "excluded_lines": []}, "BiasDetectionAgent._calculate_pattern_confidence": {"executed_lines": [], "summary": {"covered_lines": 0, "num_statements": 11, "percent_covered": 0.0, "percent_covered_display": "0", "missing_lines": 11, "excluded_lines": 0}, "missing_lines": [459, 462, 469, 470, 471, 472, 475, 476, 477, 478, 480], "excluded_lines": []}, "BiasDetectionAgent._determine_severity": {"executed_lines": [], "summary": {"covered_lines": 0, "num_statements": 6, "percent_covered": 0.0, "percent_covered_display": "0", "missing_lines": 6, "excluded_lines": 0}, "missing_lines": [484, 486, 487, 488, 489, 491], "excluded_lines": []}, "BiasDetectionAgent._generate_bias_suggestions": {"executed_lines": [], "summary": {"covered_lines": 0, "num_statements": 2, "percent_covered": 0.0, "percent_covered_display": "0", "missing_lines": 2, "excluded_lines": 0}, "missing_lines": [495, 528], "excluded_lines": []}, "BiasDetectionAgent._deduplicate_biases": {"executed_lines": [], "summary": {"covered_lines": 0, "num_statements": 8, "percent_covered": 0.0, "percent_covered_display": "0", "missing_lines": 8, "excluded_lines": 0}, "missing_lines": [532, 533, 535, 537, 539, 540, 541, 543], "excluded_lines": []}, "BiasDetectionAgent._generate_bias_summary": {"executed_lines": [], "summary": {"covered_lines": 0, "num_statements": 19, "percent_covered": 0.0, "percent_covered_display": "0", "missing_lines": 19, "excluded_lines": 0}, "missing_lines": [547, 548, 557, 558, 560, 561, 562, 563, 564, 567, 568, 571, 572, 573, 574, 575, 576, 578, 580], "excluded_lines": []}, "BiasDetectionAgent._generate_recommendations": {"executed_lines": [], "summary": {"covered_lines": 0, "num_statements": 16, "percent_covered": 0.0, "percent_covered_display": "0", "missing_lines": 16, "excluded_lines": 0}, "missing_lines": [590, 591, 593, 596, 598, 599, 601, 602, 604, 605, 607, 608, 610, 611, 614, 621], "excluded_lines": []}, "BiasDetectionAgent._calculate_overall_bias_score": {"executed_lines": [], "summary": {"covered_lines": 0, "num_statements": 13, "percent_covered": 0.0, "percent_covered_display": "0", "missing_lines": 13, "excluded_lines": 0}, "missing_lines": [625, 626, 629, 631, 632, 634, 635, 636, 637, 638, 640, 641, 643], "excluded_lines": []}, "BiasDetectionAgent._bias_to_dict": {"executed_lines": [], "summary": {"covered_lines": 0, "num_statements": 1, "percent_covered": 0.0, "percent_covered_display": "0", "missing_lines": 1, "excluded_lines": 0}, "missing_lines": [647], "excluded_lines": []}, "": {"executed_lines": [1, 8, 9, 10, 11, 12, 13, 15, 16, 18, 19, 20, 23, 24, 27, 28, 34, 35, 36, 39, 40, 43, 44, 47, 48, 49, 52, 53, 54, 55, 56, 57, 58, 59, 60, 61, 62, 63, 66, 67, 70, 134, 141, 149, 221, 260, 293, 346, 392, 457, 482, 493, 530, 545, 588, 623, 645], "summary": {"covered_lines": 54, "num_statements": 54, "percent_covered": 100.0, "percent_covered_display": "100", "missing_lines": 0, "excluded_lines": 0}, "missing_lines": [], "excluded_lines": []}}, "classes": {"BaseAgent": {"executed_lines": [], "summary": {"covered_lines": 0, "num_statements": 2, "percent_covered": 0.0, "percent_covered_display": "0", "missing_lines": 2, "excluded_lines": 0}, "missing_lines": [21, 25], "excluded_lines": []}, "AgentResult": {"executed_lines": [], "summary": {"covered_lines": 0, "num_statements": 4, "percent_covered": 0.0, "percent_covered_display": "0", "missing_lines": 4, "excluded_lines": 0}, "missing_lines": [29, 30, 31, 32], "excluded_lines": []}, "LLM": {"executed_lines": [], "summary": {"covered_lines": 0, "num_statements": 1, "percent_covered": 0.0, "percent_covered_display": "0", "missing_lines": 1, "excluded_lines": 0}, "missing_lines": [37], "excluded_lines": []}, "HumanMessage": {"executed_lines": [], "summary": {"covered_lines": 0, "num_statements": 1, "percent_covered": 0.0, "percent_covered_display": "0", "missing_lines": 1, "excluded_lines": 0}, "missing_lines": [41], "excluded_lines": []}, "SystemMessage": {"executed_lines": [], "summary": {"covered_lines": 0, "num_statements": 1, "percent_covered": 0.0, "percent_covered_display": "0", "missing_lines": 1, "excluded_lines": 0}, "missing_lines": [45], "excluded_lines": []}, "BiasDetection": {"executed_lines": [], "summary": {"covered_lines": 0, "num_statements": 0, "percent_covered": 100.0, "percent_covered_display": "100", "missing_lines": 0, "excluded_lines": 0}, "missing_lines": [], "excluded_lines": []}, "BiasDetectionAgent": {"executed_lines": [], "summary": {"covered_lines": 0, "num_statements": 168, "percent_covered": 0.0, "percent_covered_display": "0", "missing_lines": 168, "excluded_lines": 0}, "missing_lines": [142, 146, 147, 164, 165, 166, 167, 168, 171, 172, 173, 174, 175, 178, 181, 182, 185, 188, 190, 204, 214, 215, 223, 226, 228, 229, 230, 231, 233, 235, 236, 237, 239, 241, 242, 243, 245, 256, 258, 262, 265, 271, 272, 273, 274, 275, 276, 278, 289, 291, 295, 298, 306, 314, 321, 327, 328, 329, 330, 331, 342, 344, 348, 351, 360, 368, 373, 374, 375, 376, 377, 388, 390, 394, 395, 397, 398, 421, 426, 427, 430, 431, 432, 434, 435, 436, 447, 449, 451, 452, 454, 455, 459, 462, 469, 470, 471, 472, 475, 476, 477, 478, 480, 484, 486, 487, 488, 489, 491, 495, 528, 532, 533, 535, 537, 539, 540, 541, 543, 547, 548, 557, 558, 560, 561, 562, 563, 564, 567, 568, 571, 572, 573, 574, 575, 576, 578, 580, 590, 591, 593, 596, 598, 599, 601, 602, 604, 605, 607, 608, 610, 611, 614, 621, 625, 626, 629, 631, 632, 634, 635, 636, 637, 638, 640, 641, 643, 647], "excluded_lines": []}, "": {"executed_lines": [1, 8, 9, 10, 11, 12, 13, 15, 16, 18, 19, 20, 23, 24, 27, 28, 34, 35, 36, 39, 40, 43, 44, 47, 48, 49, 52, 53, 54, 55, 56, 57, 58, 59, 60, 61, 62, 63, 66, 67, 70, 134, 141, 149, 221, 260, 293, 346, 392, 457, 482, 493, 530, 545, 588, 623, 645], "summary": {"covered_lines": 54, "num_statements": 54, "percent_covered": 100.0, "percent_covered_display": "100", "missing_lines": 0, "excluded_lines": 0}, "missing_lines": [], "excluded_lines": []}}}, "yggdrasil/agents/doctrine_analysis.py": {"executed_lines": [1, 3, 4, 5, 6, 7, 9, 10, 12, 13, 16, 17, 18, 19, 20, 21, 22, 23, 24, 27, 28, 29, 30, 31, 32, 33, 34, 35, 36, 39, 40, 42, 122, 146, 156, 215, 240, 251, 332, 366, 396, 419, 442, 471, 485, 518], "summary": {"covered_lines": 42, "num_statements": 164, "percent_covered": 25.609756097560975, "percent_covered_display": "26", "missing_lines": 122, "excluded_lines": 0}, "missing_lines": [123, 130, 133, 148, 150, 151, 152, 154, 158, 159, 162, 163, 166, 167, 168, 175, 178, 179, 182, 184, 186, 207, 208, 209, 218, 221, 222, 223, 224, 225, 228, 231, 233, 242, 243, 245, 246, 247, 249, 258, 261, 262, 263, 268, 291, 292, 295, 296, 297, 298, 301, 302, 312, 314, 315, 316, 327, 328, 330, 334, 337, 343, 344, 345, 346, 347, 348, 349, 350, 353, 354, 356, 357, 359, 360, 361, 362, 364, 373, 374, 375, 378, 380, 382, 388, 402, 404, 405, 406, 408, 409, 410, 417, 425, 432, 433, 434, 440, 444, 446, 454, 455, 456, 457, 459, 467, 469, 474, 475, 477, 480, 481, 483, 487, 488, 495, 496, 498, 500, 501, 503, 505], "excluded_lines": [], "functions": {"DoctrineAnalysisAgent.__init__": {"executed_lines": [], "summary": {"covered_lines": 0, "num_statements": 3, "percent_covered": 0.0, "percent_covered_display": "0", "missing_lines": 3, "excluded_lines": 0}, "missing_lines": [123, 130, 133], "excluded_lines": []}, "DoctrineAnalysisAgent._build_keyword_index": {"executed_lines": [], "summary": {"covered_lines": 0, "num_statements": 5, "percent_covered": 0.0, "percent_covered_display": "0", "missing_lines": 5, "excluded_lines": 0}, "missing_lines": [148, 150, 151, 152, 154], "excluded_lines": []}, "DoctrineAnalysisAgent.process": {"executed_lines": [], "summary": {"covered_lines": 0, "num_statements": 16, "percent_covered": 0.0, "percent_covered_display": "0", "missing_lines": 16, "excluded_lines": 0}, "missing_lines": [158, 159, 162, 163, 166, 167, 168, 175, 178, 179, 182, 184, 186, 207, 208, 209], "excluded_lines": []}, "DoctrineAnalysisAgent._analyze_doctrines": {"executed_lines": [], "summary": {"covered_lines": 0, "num_statements": 9, "percent_covered": 0.0, "percent_covered_display": "0", "missing_lines": 9, "excluded_lines": 0}, "missing_lines": [218, 221, 222, 223, 224, 225, 228, 231, 233], "excluded_lines": []}, "DoctrineAnalysisAgent._detect_potential_doctrines": {"executed_lines": [], "summary": {"covered_lines": 0, "num_statements": 6, "percent_covered": 0.0, "percent_covered_display": "0", "missing_lines": 6, "excluded_lines": 0}, "missing_lines": [242, 243, 245, 246, 247, 249], "excluded_lines": []}, "DoctrineAnalysisAgent._analyze_specific_doctrine": {"executed_lines": [], "summary": {"covered_lines": 0, "num_statements": 20, "percent_covered": 0.0, "percent_covered_display": "0", "missing_lines": 20, "excluded_lines": 0}, "missing_lines": [258, 261, 262, 263, 268, 291, 292, 295, 296, 297, 298, 301, 302, 312, 314, 315, 316, 327, 328, 330], "excluded_lines": []}, "DoctrineAnalysisAgent._extract_confidence_from_text": {"executed_lines": [], "summary": {"covered_lines": 0, "num_statements": 19, "percent_covered": 0.0, "percent_covered_display": "0", "missing_lines": 19, "excluded_lines": 0}, "missing_lines": [334, 337, 343, 344, 345, 346, 347, 348, 349, 350, 353, 354, 356, 357, 359, 360, 361, 362, 364], "excluded_lines": []}, "DoctrineAnalysisAgent._enhance_with_rag": {"executed_lines": [], "summary": {"covered_lines": 0, "num_statements": 7, "percent_covered": 0.0, "percent_covered_display": "0", "missing_lines": 7, "excluded_lines": 0}, "missing_lines": [373, 374, 375, 378, 380, 382, 388], "excluded_lines": []}, "DoctrineAnalysisAgent._identify_cross_textual_patterns": {"executed_lines": [], "summary": {"covered_lines": 0, "num_statements": 8, "percent_covered": 0.0, "percent_covered_display": "0", "missing_lines": 8, "excluded_lines": 0}, "missing_lines": [402, 404, 405, 406, 408, 409, 410, 417], "excluded_lines": []}, "DoctrineAnalysisAgent._trace_historical_development": {"executed_lines": [], "summary": {"covered_lines": 0, "num_statements": 5, "percent_covered": 0.0, "percent_covered_display": "0", "missing_lines": 5, "excluded_lines": 0}, "missing_lines": [425, 432, 433, 434, 440], "excluded_lines": []}, "DoctrineAnalysisAgent._analyze_cross_traditions": {"executed_lines": [], "summary": {"covered_lines": 0, "num_statements": 9, "percent_covered": 0.0, "percent_covered_display": "0", "missing_lines": 9, "excluded_lines": 0}, "missing_lines": [444, 446, 454, 455, 456, 457, 459, 467, 469], "excluded_lines": []}, "DoctrineAnalysisAgent._check_doctrinal_similarity": {"executed_lines": [], "summary": {"covered_lines": 0, "num_statements": 6, "percent_covered": 0.0, "percent_covered_display": "0", "missing_lines": 6, "excluded_lines": 0}, "missing_lines": [474, 475, 477, 480, 481, 483], "excluded_lines": []}, "DoctrineAnalysisAgent._generate_analysis_summary": {"executed_lines": [], "summary": {"covered_lines": 0, "num_statements": 9, "percent_covered": 0.0, "percent_covered_display": "0", "missing_lines": 9, "excluded_lines": 0}, "missing_lines": [487, 488, 495, 496, 498, 500, 501, 503, 505], "excluded_lines": []}, "": {"executed_lines": [1, 3, 4, 5, 6, 7, 9, 10, 12, 13, 16, 17, 18, 19, 20, 21, 22, 23, 24, 27, 28, 29, 30, 31, 32, 33, 34, 35, 36, 39, 40, 42, 122, 146, 156, 215, 240, 251, 332, 366, 396, 419, 442, 471, 485, 518], "summary": {"covered_lines": 42, "num_statements": 42, "percent_covered": 100.0, "percent_covered_display": "100", "missing_lines": 0, "excluded_lines": 0}, "missing_lines": [], "excluded_lines": []}}, "classes": {"DoctrineDefinition": {"executed_lines": [], "summary": {"covered_lines": 0, "num_statements": 0, "percent_covered": 100.0, "percent_covered_display": "100", "missing_lines": 0, "excluded_lines": 0}, "missing_lines": [], "excluded_lines": []}, "DetectedDoctrine": {"executed_lines": [], "summary": {"covered_lines": 0, "num_statements": 0, "percent_covered": 100.0, "percent_covered_display": "100", "missing_lines": 0, "excluded_lines": 0}, "missing_lines": [], "excluded_lines": []}, "DoctrineAnalysisAgent": {"executed_lines": [], "summary": {"covered_lines": 0, "num_statements": 122, "percent_covered": 0.0, "percent_covered_display": "0", "missing_lines": 122, "excluded_lines": 0}, "missing_lines": [123, 130, 133, 148, 150, 151, 152, 154, 158, 159, 162, 163, 166, 167, 168, 175, 178, 179, 182, 184, 186, 207, 208, 209, 218, 221, 222, 223, 224, 225, 228, 231, 233, 242, 243, 245, 246, 247, 249, 258, 261, 262, 263, 268, 291, 292, 295, 296, 297, 298, 301, 302, 312, 314, 315, 316, 327, 328, 330, 334, 337, 343, 344, 345, 346, 347, 348, 349, 350, 353, 354, 356, 357, 359, 360, 361, 362, 364, 373, 374, 375, 378, 380, 382, 388, 402, 404, 405, 406, 408, 409, 410, 417, 425, 432, 433, 434, 440, 444, 446, 454, 455, 456, 457, 459, 467, 469, 474, 475, 477, 480, 481, 483, 487, 488, 495, 496, 498, 500, 501, 503, 505], "excluded_lines": []}, "": {"executed_lines": [1, 3, 4, 5, 6, 7, 9, 10, 12, 13, 16, 17, 18, 19, 20, 21, 22, 23, 24, 27, 28, 29, 30, 31, 32, 33, 34, 35, 36, 39, 40, 42, 122, 146, 156, 215, 240, 251, 332, 366, 396, 419, 442, 471, 485, 518], "summary": {"covered_lines": 42, "num_statements": 42, "percent_covered": 100.0, "percent_covered_display": "100", "missing_lines": 0, "excluded_lines": 0}, "missing_lines": [], "excluded_lines": []}}}, "yggdrasil/agents/fallacy_detection.py": {"executed_lines": [1, 3, 4, 5, 6, 8, 9, 11, 12, 15, 16, 17, 18, 19, 20, 23, 24, 25, 26, 27, 28, 29, 30, 33, 34, 36, 111, 135, 147, 210, 239, 250, 328, 372, 381, 415, 457, 480, 520, 538, 568, 594, 608, 632, 645], "summary": {"covered_lines": 41, "num_statements": 251, "percent_covered": 16.334661354581673, "percent_covered_display": "16", "missing_lines": 210, "excluded_lines": 0}, "missing_lines": [112, 119, 122, 137, 139, 140, 141, 142, 143, 145, 149, 150, 153, 154, 157, 158, 159, 166, 169, 170, 173, 174, 177, 179, 181, 202, 203, 204, 213, 216, 217, 218, 219, 220, 223, 224, 227, 230, 232, 241, 242, 244, 245, 246, 248, 257, 260, 261, 262, 267, 289, 290, 293, 294, 295, 296, 299, 300, 309, 311, 312, 313, 323, 324, 326, 330, 333, 339, 340, 341, 352, 358, 359, 360, 370, 374, 375, 376, 377, 378, 379, 383, 386, 392, 393, 394, 395, 396, 397, 398, 399, 402, 403, 405, 406, 408, 409, 410, 411, 413, 417, 418, 420, 421, 423, 424, 426, 428, 430, 431, 434, 435, 436, 438, 439, 440, 442, 451, 453, 455, 459, 466, 467, 469, 470, 471, 472, 473, 474, 476, 478, 482, 483, 490, 491, 494, 495, 496, 499, 500, 501, 502, 503, 504, 505, 507, 509, 527, 530, 535, 536, 545, 546, 547, 550, 552, 554, 560, 574, 576, 577, 578, 579, 580, 581, 583, 584, 585, 592, 600, 602, 610, 611, 614, 616, 617, 618, 621, 622, 623, 624, 626, 628, 630, 634, 635, 636, 637, 638, 639, 640, 641, 643, 647, 648, 650, 651, 653, 654, 656, 657, 659, 660, 662, 663, 665, 666, 668, 669, 671], "excluded_lines": [], "functions": {"FallacyDetectionAgent.__init__": {"executed_lines": [], "summary": {"covered_lines": 0, "num_statements": 3, "percent_covered": 0.0, "percent_covered_display": "0", "missing_lines": 3, "excluded_lines": 0}, "missing_lines": [112, 119, 122], "excluded_lines": []}, "FallacyDetectionAgent._build_keyword_index": {"executed_lines": [], "summary": {"covered_lines": 0, "num_statements": 7, "percent_covered": 0.0, "percent_covered_display": "0", "missing_lines": 7, "excluded_lines": 0}, "missing_lines": [137, 139, 140, 141, 142, 143, 145], "excluded_lines": []}, "FallacyDetectionAgent.process": {"executed_lines": [], "summary": {"covered_lines": 0, "num_statements": 18, "percent_covered": 0.0, "percent_covered_display": "0", "missing_lines": 18, "excluded_lines": 0}, "missing_lines": [149, 150, 153, 154, 157, 158, 159, 166, 169, 170, 173, 174, 177, 179, 181, 202, 203, 204], "excluded_lines": []}, "FallacyDetectionAgent._analyze_fallacies": {"executed_lines": [], "summary": {"covered_lines": 0, "num_statements": 11, "percent_covered": 0.0, "percent_covered_display": "0", "missing_lines": 11, "excluded_lines": 0}, "missing_lines": [213, 216, 217, 218, 219, 220, 223, 224, 227, 230, 232], "excluded_lines": []}, "FallacyDetectionAgent._detect_potential_fallacies": {"executed_lines": [], "summary": {"covered_lines": 0, "num_statements": 6, "percent_covered": 0.0, "percent_covered_display": "0", "missing_lines": 6, "excluded_lines": 0}, "missing_lines": [241, 242, 244, 245, 246, 248], "excluded_lines": []}, "FallacyDetectionAgent._analyze_specific_fallacy": {"executed_lines": [], "summary": {"covered_lines": 0, "num_statements": 20, "percent_covered": 0.0, "percent_covered_display": "0", "missing_lines": 20, "excluded_lines": 0}, "missing_lines": [257, 260, 261, 262, 267, 289, 290, 293, 294, 295, 296, 299, 300, 309, 311, 312, 313, 323, 324, 326], "excluded_lines": []}, "FallacyDetectionAgent._detect_pattern_fallacies": {"executed_lines": [], "summary": {"covered_lines": 0, "num_statements": 10, "percent_covered": 0.0, "percent_covered_display": "0", "missing_lines": 10, "excluded_lines": 0}, "missing_lines": [330, 333, 339, 340, 341, 352, 358, 359, 360, 370], "excluded_lines": []}, "FallacyDetectionAgent._extract_pattern_context": {"executed_lines": [], "summary": {"covered_lines": 0, "num_statements": 6, "percent_covered": 0.0, "percent_covered_display": "0", "missing_lines": 6, "excluded_lines": 0}, "missing_lines": [374, 375, 376, 377, 378, 379], "excluded_lines": []}, "FallacyDetectionAgent._extract_confidence_from_text": {"executed_lines": [], "summary": {"covered_lines": 0, "num_statements": 19, "percent_covered": 0.0, "percent_covered_display": "0", "missing_lines": 19, "excluded_lines": 0}, "missing_lines": [383, 386, 392, 393, 394, 395, 396, 397, 398, 399, 402, 403, 405, 406, 408, 409, 410, 411, 413], "excluded_lines": []}, "FallacyDetectionAgent._merge_similar_fallacies": {"executed_lines": [], "summary": {"covered_lines": 0, "num_statements": 20, "percent_covered": 0.0, "percent_covered_display": "0", "missing_lines": 20, "excluded_lines": 0}, "missing_lines": [417, 418, 420, 421, 423, 424, 426, 428, 430, 431, 434, 435, 436, 438, 439, 440, 442, 451, 453, 455], "excluded_lines": []}, "FallacyDetectionAgent._categorize_fallacies": {"executed_lines": [], "summary": {"covered_lines": 0, "num_statements": 11, "percent_covered": 0.0, "percent_covered_display": "0", "missing_lines": 11, "excluded_lines": 0}, "missing_lines": [459, 466, 467, 469, 470, 471, 472, 473, 474, 476, 478], "excluded_lines": []}, "FallacyDetectionAgent._generate_analysis_summary": {"executed_lines": [], "summary": {"covered_lines": 0, "num_statements": 16, "percent_covered": 0.0, "percent_covered_display": "0", "missing_lines": 16, "excluded_lines": 0}, "missing_lines": [482, 483, 490, 491, 494, 495, 496, 499, 500, 501, 502, 503, 504, 505, 507, 509], "excluded_lines": []}, "FallacyDetectionAgent._store_fallacy_analysis": {"executed_lines": [], "summary": {"covered_lines": 0, "num_statements": 4, "percent_covered": 0.0, "percent_covered_display": "0", "missing_lines": 4, "excluded_lines": 0}, "missing_lines": [527, 530, 535, 536], "excluded_lines": []}, "FallacyDetectionAgent._enhance_with_rag": {"executed_lines": [], "summary": {"covered_lines": 0, "num_statements": 7, "percent_covered": 0.0, "percent_covered_display": "0", "missing_lines": 7, "excluded_lines": 0}, "missing_lines": [545, 546, 547, 550, 552, 554, 560], "excluded_lines": []}, "FallacyDetectionAgent._identify_cross_textual_patterns": {"executed_lines": [], "summary": {"covered_lines": 0, "num_statements": 11, "percent_covered": 0.0, "percent_covered_display": "0", "missing_lines": 11, "excluded_lines": 0}, "missing_lines": [574, 576, 577, 578, 579, 580, 581, 583, 584, 585, 592], "excluded_lines": []}, "FallacyDetectionAgent._compare_logical_quality": {"executed_lines": [], "summary": {"covered_lines": 0, "num_statements": 2, "percent_covered": 0.0, "percent_covered_display": "0", "missing_lines": 2, "excluded_lines": 0}, "missing_lines": [600, 602], "excluded_lines": []}, "FallacyDetectionAgent._calculate_logical_quality_score": {"executed_lines": [], "summary": {"covered_lines": 0, "num_statements": 13, "percent_covered": 0.0, "percent_covered_display": "0", "missing_lines": 13, "excluded_lines": 0}, "missing_lines": [610, 611, 614, 616, 617, 618, 621, 622, 623, 624, 626, 628, 630], "excluded_lines": []}, "FallacyDetectionAgent._assess_quality_level": {"executed_lines": [], "summary": {"covered_lines": 0, "num_statements": 9, "percent_covered": 0.0, "percent_covered_display": "0", "missing_lines": 9, "excluded_lines": 0}, "missing_lines": [634, 635, 636, 637, 638, 639, 640, 641, 643], "excluded_lines": []}, "FallacyDetectionAgent._generate_improvement_suggestions": {"executed_lines": [], "summary": {"covered_lines": 0, "num_statements": 17, "percent_covered": 0.0, "percent_covered_display": "0", "missing_lines": 17, "excluded_lines": 0}, "missing_lines": [647, 648, 650, 651, 653, 654, 656, 657, 659, 660, 662, 663, 665, 666, 668, 669, 671], "excluded_lines": []}, "": {"executed_lines": [1, 3, 4, 5, 6, 8, 9, 11, 12, 15, 16, 17, 18, 19, 20, 23, 24, 25, 26, 27, 28, 29, 30, 33, 34, 36, 111, 135, 147, 210, 239, 250, 328, 372, 381, 415, 457, 480, 520, 538, 568, 594, 608, 632, 645], "summary": {"covered_lines": 41, "num_statements": 41, "percent_covered": 100.0, "percent_covered_display": "100", "missing_lines": 0, "excluded_lines": 0}, "missing_lines": [], "excluded_lines": []}}, "classes": {"FallacyType": {"executed_lines": [], "summary": {"covered_lines": 0, "num_statements": 0, "percent_covered": 100.0, "percent_covered_display": "100", "missing_lines": 0, "excluded_lines": 0}, "missing_lines": [], "excluded_lines": []}, "DetectedFallacy": {"executed_lines": [], "summary": {"covered_lines": 0, "num_statements": 0, "percent_covered": 100.0, "percent_covered_display": "100", "missing_lines": 0, "excluded_lines": 0}, "missing_lines": [], "excluded_lines": []}, "FallacyDetectionAgent": {"executed_lines": [], "summary": {"covered_lines": 0, "num_statements": 210, "percent_covered": 0.0, "percent_covered_display": "0", "missing_lines": 210, "excluded_lines": 0}, "missing_lines": [112, 119, 122, 137, 139, 140, 141, 142, 143, 145, 149, 150, 153, 154, 157, 158, 159, 166, 169, 170, 173, 174, 177, 179, 181, 202, 203, 204, 213, 216, 217, 218, 219, 220, 223, 224, 227, 230, 232, 241, 242, 244, 245, 246, 248, 257, 260, 261, 262, 267, 289, 290, 293, 294, 295, 296, 299, 300, 309, 311, 312, 313, 323, 324, 326, 330, 333, 339, 340, 341, 352, 358, 359, 360, 370, 374, 375, 376, 377, 378, 379, 383, 386, 392, 393, 394, 395, 396, 397, 398, 399, 402, 403, 405, 406, 408, 409, 410, 411, 413, 417, 418, 420, 421, 423, 424, 426, 428, 430, 431, 434, 435, 436, 438, 439, 440, 442, 451, 453, 455, 459, 466, 467, 469, 470, 471, 472, 473, 474, 476, 478, 482, 483, 490, 491, 494, 495, 496, 499, 500, 501, 502, 503, 504, 505, 507, 509, 527, 530, 535, 536, 545, 546, 547, 550, 552, 554, 560, 574, 576, 577, 578, 579, 580, 581, 583, 584, 585, 592, 600, 602, 610, 611, 614, 616, 617, 618, 621, 622, 623, 624, 626, 628, 630, 634, 635, 636, 637, 638, 639, 640, 641, 643, 647, 648, 650, 651, 653, 654, 656, 657, 659, 660, 662, 663, 665, 666, 668, 669, 671], "excluded_lines": []}, "": {"executed_lines": [1, 3, 4, 5, 6, 8, 9, 11, 12, 15, 16, 17, 18, 19, 20, 23, 24, 25, 26, 27, 28, 29, 30, 33, 34, 36, 111, 135, 147, 210, 239, 250, 328, 372, 381, 415, 457, 480, 520, 538, 568, 594, 608, 632, 645], "summary": {"covered_lines": 41, "num_statements": 41, "percent_covered": 100.0, "percent_covered_display": "100", "missing_lines": 0, "excluded_lines": 0}, "missing_lines": [], "excluded_lines": []}}}, "yggdrasil/agents/mcp_agent_manager.py": {"executed_lines": [2, 7, 8, 9, 10, 11, 12, 13, 16, 17, 20, 21, 22, 23, 24, 25, 26, 27, 28, 30, 32, 33, 34, 35, 36, 37, 38, 39, 40, 41, 42, 43, 45, 46, 47, 48, 49, 50, 51, 52, 53, 54, 56, 60, 61, 62, 63, 64, 65, 66, 67, 68, 69, 71, 74, 75, 77, 90, 124, 190, 208, 225, 241, 263, 280, 303, 334, 362, 382, 418, 429], "summary": {"covered_lines": 66, "num_statements": 173, "percent_covered": 38.15028901734104, "percent_covered_display": "38", "missing_lines": 107, "excluded_lines": 0}, "missing_lines": [57, 58, 72, 78, 79, 82, 83, 84, 87, 88, 92, 93, 96, 97, 100, 110, 111, 112, 115, 116, 118, 120, 121, 122, 127, 129, 130, 131, 133, 134, 136, 137, 139, 140, 142, 143, 145, 146, 148, 149, 151, 152, 154, 155, 158, 160, 163, 165, 174, 175, 176, 178, 180, 192, 195, 201, 210, 212, 218, 227, 229, 234, 243, 246, 247, 249, 256, 265, 267, 273, 284, 290, 307, 308, 309, 311, 316, 317, 318, 319, 320, 321, 323, 338, 339, 341, 350, 352, 360, 364, 366, 374, 385, 387, 388, 396, 397, 398, 399, 401, 402, 404, 407, 415, 416, 421, 432], "excluded_lines": [], "functions": {"MCPAnalysisRequest.__post_init__": {"executed_lines": [], "summary": {"covered_lines": 0, "num_statements": 2, "percent_covered": 0.0, "percent_covered_display": "0", "missing_lines": 2, "excluded_lines": 0}, "missing_lines": [57, 58], "excluded_lines": []}, "MCPAnalysisResult.to_dict": {"executed_lines": [], "summary": {"covered_lines": 0, "num_statements": 1, "percent_covered": 0.0, "percent_covered_display": "0", "missing_lines": 1, "excluded_lines": 0}, "missing_lines": [72], "excluded_lines": []}, "MCPAgentManager.__init__": {"executed_lines": [], "summary": {"covered_lines": 0, "num_statements": 7, "percent_covered": 0.0, "percent_covered_display": "0", "missing_lines": 7, "excluded_lines": 0}, "missing_lines": [78, 79, 82, 83, 84, 87, 88], "excluded_lines": []}, "MCPAgentManager.initialize": {"executed_lines": [], "summary": {"covered_lines": 0, "num_statements": 14, "percent_covered": 0.0, "percent_covered_display": "0", "missing_lines": 14, "excluded_lines": 0}, "missing_lines": [92, 93, 96, 97, 100, 110, 111, 112, 115, 116, 118, 120, 121, 122], "excluded_lines": []}, "MCPAgentManager.analyze_content": {"executed_lines": [], "summary": {"covered_lines": 0, "num_statements": 29, "percent_covered": 0.0, "percent_covered_display": "0", "missing_lines": 29, "excluded_lines": 0}, "missing_lines": [127, 129, 130, 131, 133, 134, 136, 137, 139, 140, 142, 143, 145, 146, 148, 149, 151, 152, 154, 155, 158, 160, 163, 165, 174, 175, 176, 178, 180], "excluded_lines": []}, "MCPAgentManager._analyze_themes": {"executed_lines": [], "summary": {"covered_lines": 0, "num_statements": 3, "percent_covered": 0.0, "percent_covered_display": "0", "missing_lines": 3, "excluded_lines": 0}, "missing_lines": [192, 195, 201], "excluded_lines": []}, "MCPAgentManager._analyze_doctrines": {"executed_lines": [], "summary": {"covered_lines": 0, "num_statements": 3, "percent_covered": 0.0, "percent_covered_display": "0", "missing_lines": 3, "excluded_lines": 0}, "missing_lines": [210, 212, 218], "excluded_lines": []}, "MCPAgentManager._detect_fallacies": {"executed_lines": [], "summary": {"covered_lines": 0, "num_statements": 3, "percent_covered": 0.0, "percent_covered_display": "0", "missing_lines": 3, "excluded_lines": 0}, "missing_lines": [227, 229, 234], "excluded_lines": []}, "MCPAgentManager._analyze_translation": {"executed_lines": [], "summary": {"covered_lines": 0, "num_statements": 5, "percent_covered": 0.0, "percent_covered_display": "0", "missing_lines": 5, "excluded_lines": 0}, "missing_lines": [243, 246, 247, 249, 256], "excluded_lines": []}, "MCPAgentManager._analyze_sources": {"executed_lines": [], "summary": {"covered_lines": 0, "num_statements": 3, "percent_covered": 0.0, "percent_covered_display": "0", "missing_lines": 3, "excluded_lines": 0}, "missing_lines": [265, 267, 273], "excluded_lines": []}, "MCPAgentManager._optimize_storage": {"executed_lines": [], "summary": {"covered_lines": 0, "num_statements": 2, "percent_covered": 0.0, "percent_covered_display": "0", "missing_lines": 2, "excluded_lines": 0}, "missing_lines": [284, 290], "excluded_lines": []}, "MCPAgentManager._analyze_content_intelligence": {"executed_lines": [], "summary": {"covered_lines": 0, "num_statements": 11, "percent_covered": 0.0, "percent_covered_display": "0", "missing_lines": 11, "excluded_lines": 0}, "missing_lines": [307, 308, 309, 311, 316, 317, 318, 319, 320, 321, 323], "excluded_lines": []}, "MCPAgentManager._comprehensive_analysis": {"executed_lines": [], "summary": {"covered_lines": 0, "num_statements": 6, "percent_covered": 0.0, "percent_covered_display": "0", "missing_lines": 6, "excluded_lines": 0}, "missing_lines": [338, 339, 341, 350, 352, 360], "excluded_lines": []}, "MCPAgentManager._detect_bias": {"executed_lines": [], "summary": {"covered_lines": 0, "num_statements": 3, "percent_covered": 0.0, "percent_covered_display": "0", "missing_lines": 3, "excluded_lines": 0}, "missing_lines": [364, 366, 374], "excluded_lines": []}, "MCPAgentManager._track_performance": {"executed_lines": [], "summary": {"covered_lines": 0, "num_statements": 13, "percent_covered": 0.0, "percent_covered_display": "0", "missing_lines": 13, "excluded_lines": 0}, "missing_lines": [385, 387, 388, 396, 397, 398, 399, 401, 402, 404, 407, 415, 416], "excluded_lines": []}, "MCPAgentManager.get_performance_stats": {"executed_lines": [], "summary": {"covered_lines": 0, "num_statements": 1, "percent_covered": 0.0, "percent_covered_display": "0", "missing_lines": 1, "excluded_lines": 0}, "missing_lines": [421], "excluded_lines": []}, "MCPAgentManager.get_available_analyses": {"executed_lines": [], "summary": {"covered_lines": 0, "num_statements": 1, "percent_covered": 0.0, "percent_covered_display": "0", "missing_lines": 1, "excluded_lines": 0}, "missing_lines": [432], "excluded_lines": []}, "": {"executed_lines": [2, 7, 8, 9, 10, 11, 12, 13, 16, 17, 20, 21, 22, 23, 24, 25, 26, 27, 28, 30, 32, 33, 34, 35, 36, 37, 38, 39, 40, 41, 42, 43, 45, 46, 47, 48, 49, 50, 51, 52, 53, 54, 56, 60, 61, 62, 63, 64, 65, 66, 67, 68, 69, 71, 74, 75, 77, 90, 124, 190, 208, 225, 241, 263, 280, 303, 334, 362, 382, 418, 429], "summary": {"covered_lines": 66, "num_statements": 66, "percent_covered": 100.0, "percent_covered_display": "100", "missing_lines": 0, "excluded_lines": 0}, "missing_lines": [], "excluded_lines": []}}, "classes": {"AnalysisType": {"executed_lines": [], "summary": {"covered_lines": 0, "num_statements": 0, "percent_covered": 100.0, "percent_covered_display": "100", "missing_lines": 0, "excluded_lines": 0}, "missing_lines": [], "excluded_lines": []}, "MCPAnalysisRequest": {"executed_lines": [], "summary": {"covered_lines": 0, "num_statements": 2, "percent_covered": 0.0, "percent_covered_display": "0", "missing_lines": 2, "excluded_lines": 0}, "missing_lines": [57, 58], "excluded_lines": []}, "MCPAnalysisResult": {"executed_lines": [], "summary": {"covered_lines": 0, "num_statements": 1, "percent_covered": 0.0, "percent_covered_display": "0", "missing_lines": 1, "excluded_lines": 0}, "missing_lines": [72], "excluded_lines": []}, "MCPAgentManager": {"executed_lines": [], "summary": {"covered_lines": 0, "num_statements": 104, "percent_covered": 0.0, "percent_covered_display": "0", "missing_lines": 104, "excluded_lines": 0}, "missing_lines": [78, 79, 82, 83, 84, 87, 88, 92, 93, 96, 97, 100, 110, 111, 112, 115, 116, 118, 120, 121, 122, 127, 129, 130, 131, 133, 134, 136, 137, 139, 140, 142, 143, 145, 146, 148, 149, 151, 152, 154, 155, 158, 160, 163, 165, 174, 175, 176, 178, 180, 192, 195, 201, 210, 212, 218, 227, 229, 234, 243, 246, 247, 249, 256, 265, 267, 273, 284, 290, 307, 308, 309, 311, 316, 317, 318, 319, 320, 321, 323, 338, 339, 341, 350, 352, 360, 364, 366, 374, 385, 387, 388, 396, 397, 398, 399, 401, 402, 404, 407, 415, 416, 421, 432], "excluded_lines": []}, "": {"executed_lines": [2, 7, 8, 9, 10, 11, 12, 13, 16, 17, 20, 21, 22, 23, 24, 25, 26, 27, 28, 30, 32, 33, 34, 35, 36, 37, 38, 39, 40, 41, 42, 43, 45, 46, 47, 48, 49, 50, 51, 52, 53, 54, 56, 60, 61, 62, 63, 64, 65, 66, 67, 68, 69, 71, 74, 75, 77, 90, 124, 190, 208, 225, 241, 263, 280, 303, 334, 362, 382, 418, 429], "summary": {"covered_lines": 66, "num_statements": 66, "percent_covered": 100.0, "percent_covered_display": "100", "missing_lines": 0, "excluded_lines": 0}, "missing_lines": [], "excluded_lines": []}}}, "yggdrasil/agents/orchestrator.py": {"executed_lines": [1, 3, 4, 5, 6, 7, 9, 11, 12, 13, 14, 15, 16, 17, 20, 21, 22, 23, 24, 25, 26, 27, 28, 29, 30, 33, 34, 35, 36, 37, 38, 39, 40, 41, 42, 43, 44, 45, 46, 47, 48, 49, 50, 53, 54, 55, 56, 57, 58, 59, 60, 61, 62, 63, 66, 67, 69, 80, 103, 136, 157, 203, 236], "summary": {"covered_lines": 58, "num_statements": 134, "percent_covered": 43.28358208955224, "percent_covered_display": "43", "missing_lines": 76, "excluded_lines": 0}, "missing_lines": [70, 77, 78, 82, 85, 94, 95, 96, 97, 98, 99, 101, 105, 107, 109, 118, 120, 128, 129, 130, 138, 140, 141, 142, 143, 144, 145, 146, 147, 148, 149, 150, 151, 152, 153, 155, 159, 161, 162, 163, 164, 165, 166, 167, 168, 169, 170, 171, 172, 173, 174, 175, 176, 177, 178, 179, 181, 184, 185, 191, 193, 194, 195, 205, 207, 214, 220, 232, 233, 234, 238, 239, 246, 265, 266, 267], "excluded_lines": [], "functions": {"AgentOrchestrator.__init__": {"executed_lines": [], "summary": {"covered_lines": 0, "num_statements": 3, "percent_covered": 0.0, "percent_covered_display": "0", "missing_lines": 3, "excluded_lines": 0}, "missing_lines": [70, 77, 78], "excluded_lines": []}, "AgentOrchestrator.initialize": {"executed_lines": [], "summary": {"covered_lines": 0, "num_statements": 9, "percent_covered": 0.0, "percent_covered_display": "0", "missing_lines": 9, "excluded_lines": 0}, "missing_lines": [82, 85, 94, 95, 96, 97, 98, 99, 101], "excluded_lines": []}, "AgentOrchestrator.process": {"executed_lines": [], "summary": {"covered_lines": 0, "num_statements": 8, "percent_covered": 0.0, "percent_covered_display": "0", "missing_lines": 8, "excluded_lines": 0}, "missing_lines": [105, 107, 109, 118, 120, 128, 129, 130], "excluded_lines": []}, "AgentOrchestrator._determine_analysis_type": {"executed_lines": [], "summary": {"covered_lines": 0, "num_statements": 16, "percent_covered": 0.0, "percent_covered_display": "0", "missing_lines": 16, "excluded_lines": 0}, "missing_lines": [138, 140, 141, 142, 143, 144, 145, 146, 147, 148, 149, 150, 151, 152, 153, 155], "excluded_lines": []}, "AgentOrchestrator.execute_analysis": {"executed_lines": [], "summary": {"covered_lines": 0, "num_statements": 27, "percent_covered": 0.0, "percent_covered_display": "0", "missing_lines": 27, "excluded_lines": 0}, "missing_lines": [159, 161, 162, 163, 164, 165, 166, 167, 168, 169, 170, 171, 172, 173, 174, 175, 176, 177, 178, 179, 181, 184, 185, 191, 193, 194, 195], "excluded_lines": []}, "AgentOrchestrator._execute_rag_query": {"executed_lines": [], "summary": {"covered_lines": 0, "num_statements": 7, "percent_covered": 0.0, "percent_covered_display": "0", "missing_lines": 7, "excluded_lines": 0}, "missing_lines": [205, 207, 214, 220, 232, 233, 234], "excluded_lines": []}, "AgentOrchestrator._execute_semantic_search": {"executed_lines": [], "summary": {"covered_lines": 0, "num_statements": 6, "percent_covered": 0.0, "percent_covered_display": "0", "missing_lines": 6, "excluded_lines": 0}, "missing_lines": [238, 239, 246, 265, 266, 267], "excluded_lines": []}, "": {"executed_lines": [1, 3, 4, 5, 6, 7, 9, 11, 12, 13, 14, 15, 16, 17, 20, 21, 22, 23, 24, 25, 26, 27, 28, 29, 30, 33, 34, 35, 36, 37, 38, 39, 40, 41, 42, 43, 44, 45, 46, 47, 48, 49, 50, 53, 54, 55, 56, 57, 58, 59, 60, 61, 62, 63, 66, 67, 69, 80, 103, 136, 157, 203, 236], "summary": {"covered_lines": 58, "num_statements": 58, "percent_covered": 100.0, "percent_covered_display": "100", "missing_lines": 0, "excluded_lines": 0}, "missing_lines": [], "excluded_lines": []}}, "classes": {"AnalysisType": {"executed_lines": [], "summary": {"covered_lines": 0, "num_statements": 0, "percent_covered": 100.0, "percent_covered_display": "100", "missing_lines": 0, "excluded_lines": 0}, "missing_lines": [], "excluded_lines": []}, "OrchestrationRequest": {"executed_lines": [], "summary": {"covered_lines": 0, "num_statements": 0, "percent_covered": 100.0, "percent_covered_display": "100", "missing_lines": 0, "excluded_lines": 0}, "missing_lines": [], "excluded_lines": []}, "OrchestrationResult": {"executed_lines": [], "summary": {"covered_lines": 0, "num_statements": 0, "percent_covered": 100.0, "percent_covered_display": "100", "missing_lines": 0, "excluded_lines": 0}, "missing_lines": [], "excluded_lines": []}, "AgentOrchestrator": {"executed_lines": [], "summary": {"covered_lines": 0, "num_statements": 76, "percent_covered": 0.0, "percent_covered_display": "0", "missing_lines": 76, "excluded_lines": 0}, "missing_lines": [70, 77, 78, 82, 85, 94, 95, 96, 97, 98, 99, 101, 105, 107, 109, 118, 120, 128, 129, 130, 138, 140, 141, 142, 143, 144, 145, 146, 147, 148, 149, 150, 151, 152, 153, 155, 159, 161, 162, 163, 164, 165, 166, 167, 168, 169, 170, 171, 172, 173, 174, 175, 176, 177, 178, 179, 181, 184, 185, 191, 193, 194, 195, 205, 207, 214, 220, 232, 233, 234, 238, 239, 246, 265, 266, 267], "excluded_lines": []}, "": {"executed_lines": [1, 3, 4, 5, 6, 7, 9, 11, 12, 13, 14, 15, 16, 17, 20, 21, 22, 23, 24, 25, 26, 27, 28, 29, 30, 33, 34, 35, 36, 37, 38, 39, 40, 41, 42, 43, 44, 45, 46, 47, 48, 49, 50, 53, 54, 55, 56, 57, 58, 59, 60, 61, 62, 63, 66, 67, 69, 80, 103, 136, 157, 203, 236], "summary": {"covered_lines": 58, "num_statements": 58, "percent_covered": 100.0, "percent_covered_display": "100", "missing_lines": 0, "excluded_lines": 0}, "missing_lines": [], "excluded_lines": []}}}, "yggdrasil/agents/smart_storage_agent.py": {"executed_lines": [2, 7, 8, 9, 10, 11, 12, 13, 15, 16, 17, 18, 19, 20, 21, 24, 25, 26, 27, 29, 31, 32, 33, 34, 35, 36, 37, 39, 40, 41, 42, 43, 44, 45, 46, 47, 48, 51, 52, 53, 54, 57, 58, 59, 61, 62, 64, 80, 102, 175, 198, 229, 257, 280, 304, 325, 331, 388, 403, 426, 468], "summary": {"covered_lines": 57, "num_statements": 279, "percent_covered": 20.43010752688172, "percent_covered_display": "20", "missing_lines": 222, "excluded_lines": 0}, "missing_lines": [65, 66, 67, 68, 71, 72, 73, 74, 77, 78, 82, 84, 87, 88, 89, 90, 91, 94, 96, 98, 99, 100, 105, 107, 108, 109, 112, 113, 114, 115, 118, 119, 120, 123, 129, 147, 153, 155, 156, 158, 178, 179, 181, 182, 185, 186, 187, 190, 192, 194, 195, 196, 201, 202, 204, 206, 207, 208, 211, 212, 213, 214, 217, 218, 220, 221, 223, 225, 226, 227, 232, 233, 235, 237, 238, 240, 241, 244, 245, 246, 249, 251, 253, 254, 255, 260, 262, 263, 264, 265, 268, 269, 270, 272, 274, 276, 277, 278, 283, 294, 295, 297, 298, 299, 300, 302, 308, 309, 310, 311, 312, 313, 316, 317, 318, 319, 320, 321, 323, 329, 336, 339, 340, 341, 342, 344, 345, 346, 347, 349, 350, 351, 352, 354, 355, 356, 357, 359, 360, 361, 362, 365, 366, 367, 370, 371, 372, 374, 375, 377, 379, 380, 381, 383, 384, 386, 391, 393, 395, 396, 398, 400, 401, 406, 409, 412, 413, 416, 417, 418, 420, 422, 423, 424, 430, 431, 434, 435, 436, 437, 438, 439, 441, 442, 445, 446, 447, 448, 449, 450, 452, 453, 456, 457, 458, 459, 460, 461, 463, 464, 466, 471, 473, 476, 477, 479, 480, 481, 482, 484, 485, 488, 490, 491, 493, 494, 496, 497, 499, 509, 510, 511], "excluded_lines": [], "functions": {"SmartStorageAgent.__init__": {"executed_lines": [], "summary": {"covered_lines": 0, "num_statements": 10, "percent_covered": 0.0, "percent_covered_display": "0", "missing_lines": 10, "excluded_lines": 0}, "missing_lines": [65, 66, 67, 68, 71, 72, 73, 74, 77, 78], "excluded_lines": []}, "SmartStorageAgent.initialize": {"executed_lines": [], "summary": {"covered_lines": 0, "num_statements": 12, "percent_covered": 0.0, "percent_covered_display": "0", "missing_lines": 12, "excluded_lines": 0}, "missing_lines": [82, 84, 87, 88, 89, 90, 91, 94, 96, 98, 99, 100], "excluded_lines": []}, "SmartStorageAgent.analyze_content": {"executed_lines": [], "summary": {"covered_lines": 0, "num_statements": 18, "percent_covered": 0.0, "percent_covered_display": "0", "missing_lines": 18, "excluded_lines": 0}, "missing_lines": [105, 107, 108, 109, 112, 113, 114, 115, 118, 119, 120, 123, 129, 147, 153, 155, 156, 158], "excluded_lines": []}, "SmartStorageAgent._analyze_semantic_complexity": {"executed_lines": [], "summary": {"covered_lines": 0, "num_statements": 12, "percent_covered": 0.0, "percent_covered_display": "0", "missing_lines": 12, "excluded_lines": 0}, "missing_lines": [178, 179, 181, 182, 185, 186, 187, 190, 192, 194, 195, 196], "excluded_lines": []}, "SmartStorageAgent._analyze_topic_coherence": {"executed_lines": [], "summary": {"covered_lines": 0, "num_statements": 18, "percent_covered": 0.0, "percent_covered_display": "0", "missing_lines": 18, "excluded_lines": 0}, "missing_lines": [201, 202, 204, 206, 207, 208, 211, 212, 213, 214, 217, 218, 220, 221, 223, 225, 226, 227], "excluded_lines": []}, "SmartStorageAgent._analyze_information_density": {"executed_lines": [], "summary": {"covered_lines": 0, "num_statements": 15, "percent_covered": 0.0, "percent_covered_display": "0", "missing_lines": 15, "excluded_lines": 0}, "missing_lines": [232, 233, 235, 237, 238, 240, 241, 244, 245, 246, 249, 251, 253, 254, 255], "excluded_lines": []}, "SmartStorageAgent._analyze_query_potential": {"executed_lines": [], "summary": {"covered_lines": 0, "num_statements": 13, "percent_covered": 0.0, "percent_covered_display": "0", "missing_lines": 13, "excluded_lines": 0}, "missing_lines": [260, 262, 263, 264, 265, 268, 269, 270, 272, 274, 276, 277, 278], "excluded_lines": []}, "SmartStorageAgent._classify_domain": {"executed_lines": [], "summary": {"covered_lines": 0, "num_statements": 8, "percent_covered": 0.0, "percent_covered_display": "0", "missing_lines": 8, "excluded_lines": 0}, "missing_lines": [283, 294, 295, 297, 298, 299, 300, 302], "excluded_lines": []}, "SmartStorageAgent._classify_content_type": {"executed_lines": [], "summary": {"covered_lines": 0, "num_statements": 13, "percent_covered": 0.0, "percent_covered_display": "0", "missing_lines": 13, "excluded_lines": 0}, "missing_lines": [308, 309, 310, 311, 312, 313, 316, 317, 318, 319, 320, 321, 323], "excluded_lines": []}, "SmartStorageAgent._detect_language": {"executed_lines": [], "summary": {"covered_lines": 0, "num_statements": 1, "percent_covered": 0.0, "percent_covered_display": "0", "missing_lines": 1, "excluded_lines": 0}, "missing_lines": [329], "excluded_lines": []}, "SmartStorageAgent._make_storage_decision": {"executed_lines": [], "summary": {"covered_lines": 0, "num_statements": 36, "percent_covered": 0.0, "percent_covered_display": "0", "missing_lines": 36, "excluded_lines": 0}, "missing_lines": [336, 339, 340, 341, 342, 344, 345, 346, 347, 349, 350, 351, 352, 354, 355, 356, 357, 359, 360, 361, 362, 365, 366, 367, 370, 371, 372, 374, 375, 377, 379, 380, 381, 383, 384, 386], "excluded_lines": []}, "SmartStorageAgent._initialize_storage_classifier": {"executed_lines": [], "summary": {"covered_lines": 0, "num_statements": 7, "percent_covered": 0.0, "percent_covered_display": "0", "missing_lines": 7, "excluded_lines": 0}, "missing_lines": [391, 393, 395, 396, 398, 400, 401], "excluded_lines": []}, "SmartStorageAgent._train_storage_classifier": {"executed_lines": [], "summary": {"covered_lines": 0, "num_statements": 11, "percent_covered": 0.0, "percent_covered_display": "0", "missing_lines": 11, "excluded_lines": 0}, "missing_lines": [406, 409, 412, 413, 416, 417, 418, 420, 422, 423, 424], "excluded_lines": []}, "SmartStorageAgent._generate_training_data": {"executed_lines": [], "summary": {"covered_lines": 0, "num_statements": 27, "percent_covered": 0.0, "percent_covered_display": "0", "missing_lines": 27, "excluded_lines": 0}, "missing_lines": [430, 431, 434, 435, 436, 437, 438, 439, 441, 442, 445, 446, 447, 448, 449, 450, 452, 453, 456, 457, 458, 459, 460, 461, 463, 464, 466], "excluded_lines": []}, "SmartStorageAgent.optimize_storage_performance": {"executed_lines": [], "summary": {"covered_lines": 0, "num_statements": 21, "percent_covered": 0.0, "percent_covered_display": "0", "missing_lines": 21, "excluded_lines": 0}, "missing_lines": [471, 473, 476, 477, 479, 480, 481, 482, 484, 485, 488, 490, 491, 493, 494, 496, 497, 499, 509, 510, 511], "excluded_lines": []}, "": {"executed_lines": [2, 7, 8, 9, 10, 11, 12, 13, 15, 16, 17, 18, 19, 20, 21, 24, 25, 26, 27, 29, 31, 32, 33, 34, 35, 36, 37, 39, 40, 41, 42, 43, 44, 45, 46, 47, 48, 51, 52, 53, 54, 57, 58, 59, 61, 62, 64, 80, 102, 175, 198, 229, 257, 280, 304, 325, 331, 388, 403, 426, 468], "summary": {"covered_lines": 57, "num_statements": 57, "percent_covered": 100.0, "percent_covered_display": "100", "missing_lines": 0, "excluded_lines": 0}, "missing_lines": [], "excluded_lines": []}}, "classes": {"StorageDecision": {"executed_lines": [], "summary": {"covered_lines": 0, "num_statements": 0, "percent_covered": 100.0, "percent_covered_display": "100", "missing_lines": 0, "excluded_lines": 0}, "missing_lines": [], "excluded_lines": []}, "ContentAnalysis": {"executed_lines": [], "summary": {"covered_lines": 0, "num_statements": 0, "percent_covered": 100.0, "percent_covered_display": "100", "missing_lines": 0, "excluded_lines": 0}, "missing_lines": [], "excluded_lines": []}, "SmartStorageAgent": {"executed_lines": [], "summary": {"covered_lines": 0, "num_statements": 222, "percent_covered": 0.0, "percent_covered_display": "0", "missing_lines": 222, "excluded_lines": 0}, "missing_lines": [65, 66, 67, 68, 71, 72, 73, 74, 77, 78, 82, 84, 87, 88, 89, 90, 91, 94, 96, 98, 99, 100, 105, 107, 108, 109, 112, 113, 114, 115, 118, 119, 120, 123, 129, 147, 153, 155, 156, 158, 178, 179, 181, 182, 185, 186, 187, 190, 192, 194, 195, 196, 201, 202, 204, 206, 207, 208, 211, 212, 213, 214, 217, 218, 220, 221, 223, 225, 226, 227, 232, 233, 235, 237, 238, 240, 241, 244, 245, 246, 249, 251, 253, 254, 255, 260, 262, 263, 264, 265, 268, 269, 270, 272, 274, 276, 277, 278, 283, 294, 295, 297, 298, 299, 300, 302, 308, 309, 310, 311, 312, 313, 316, 317, 318, 319, 320, 321, 323, 329, 336, 339, 340, 341, 342, 344, 345, 346, 347, 349, 350, 351, 352, 354, 355, 356, 357, 359, 360, 361, 362, 365, 366, 367, 370, 371, 372, 374, 375, 377, 379, 380, 381, 383, 384, 386, 391, 393, 395, 396, 398, 400, 401, 406, 409, 412, 413, 416, 417, 418, 420, 422, 423, 424, 430, 431, 434, 435, 436, 437, 438, 439, 441, 442, 445, 446, 447, 448, 449, 450, 452, 453, 456, 457, 458, 459, 460, 461, 463, 464, 466, 471, 473, 476, 477, 479, 480, 481, 482, 484, 485, 488, 490, 491, 493, 494, 496, 497, 499, 509, 510, 511], "excluded_lines": []}, "": {"executed_lines": [2, 7, 8, 9, 10, 11, 12, 13, 15, 16, 17, 18, 19, 20, 21, 24, 25, 26, 27, 29, 31, 32, 33, 34, 35, 36, 37, 39, 40, 41, 42, 43, 44, 45, 46, 47, 48, 51, 52, 53, 54, 57, 58, 59, 61, 62, 64, 80, 102, 175, 198, 229, 257, 280, 304, 325, 331, 388, 403, 426, 468], "summary": {"covered_lines": 57, "num_statements": 57, "percent_covered": 100.0, "percent_covered_display": "100", "missing_lines": 0, "excluded_lines": 0}, "missing_lines": [], "excluded_lines": []}}}, "yggdrasil/agents/text_sourcing.py": {"executed_lines": [1, 3, 4, 5, 6, 7, 9, 10, 11, 13, 14, 15, 18, 19, 21, 31, 41, 77, 108, 132, 174, 184, 194, 204, 235, 279, 305, 331, 351], "summary": {"covered_lines": 27, "num_statements": 172, "percent_covered": 15.69767441860465, "percent_covered_display": "16", "missing_lines": 145, "excluded_lines": 0}, "missing_lines": [32, 36, 43, 44, 45, 46, 47, 49, 50, 56, 59, 61, 70, 71, 72, 85, 88, 90, 91, 92, 93, 94, 97, 99, 100, 101, 102, 103, 104, 106, 116, 118, 119, 120, 121, 122, 123, 126, 128, 129, 130, 139, 140, 142, 143, 147, 149, 150, 153, 154, 155, 156, 157, 159, 160, 168, 170, 171, 172, 182, 192, 202, 206, 208, 209, 212, 213, 214, 215, 216, 219, 222, 224, 225, 226, 227, 229, 232, 233, 237, 239, 241, 242, 244, 255, 265, 268, 269, 270, 271, 273, 275, 276, 277, 281, 282, 283, 285, 288, 289, 292, 295, 296, 297, 299, 301, 302, 303, 307, 308, 310, 311, 312, 313, 314, 315, 316, 317, 318, 319, 320, 321, 322, 323, 324, 325, 326, 327, 329, 333, 334, 336, 337, 338, 339, 340, 341, 342, 343, 344, 345, 346, 347, 349, 353], "excluded_lines": [], "functions": {"TextSourcingAgent.__init__": {"executed_lines": [], "summary": {"covered_lines": 0, "num_statements": 2, "percent_covered": 0.0, "percent_covered_display": "0", "missing_lines": 2, "excluded_lines": 0}, "missing_lines": [32, 36], "excluded_lines": []}, "TextSourcingAgent.execute": {"executed_lines": [], "summary": {"covered_lines": 0, "num_statements": 13, "percent_covered": 0.0, "percent_covered_display": "0", "missing_lines": 13, "excluded_lines": 0}, "missing_lines": [43, 44, 45, 46, 47, 49, 50, 56, 59, 61, 70, 71, 72], "excluded_lines": []}, "TextSourcingAgent._search_texts": {"executed_lines": [], "summary": {"covered_lines": 0, "num_statements": 15, "percent_covered": 0.0, "percent_covered_display": "0", "missing_lines": 15, "excluded_lines": 0}, "missing_lines": [85, 88, 90, 91, 92, 93, 94, 97, 99, 100, 101, 102, 103, 104, 106], "excluded_lines": []}, "TextSourcingAgent._search_single_source": {"executed_lines": [], "summary": {"covered_lines": 0, "num_statements": 11, "percent_covered": 0.0, "percent_covered_display": "0", "missing_lines": 11, "excluded_lines": 0}, "missing_lines": [116, 118, 119, 120, 121, 122, 123, 126, 128, 129, 130], "excluded_lines": []}, "TextSourcingAgent._search_sacred_texts": {"executed_lines": [], "summary": {"covered_lines": 0, "num_statements": 18, "percent_covered": 0.0, "percent_covered_display": "0", "missing_lines": 18, "excluded_lines": 0}, "missing_lines": [139, 140, 142, 143, 147, 149, 150, 153, 154, 155, 156, 157, 159, 160, 168, 170, 171, 172], "excluded_lines": []}, "TextSourcingAgent._search_blue_letter_bible": {"executed_lines": [], "summary": {"covered_lines": 0, "num_statements": 1, "percent_covered": 0.0, "percent_covered_display": "0", "missing_lines": 1, "excluded_lines": 0}, "missing_lines": [182], "excluded_lines": []}, "TextSourcingAgent._search_gutenberg": {"executed_lines": [], "summary": {"covered_lines": 0, "num_statements": 1, "percent_covered": 0.0, "percent_covered_display": "0", "missing_lines": 1, "excluded_lines": 0}, "missing_lines": [192], "excluded_lines": []}, "TextSourcingAgent._generic_web_search": {"executed_lines": [], "summary": {"covered_lines": 0, "num_statements": 1, "percent_covered": 0.0, "percent_covered_display": "0", "missing_lines": 1, "excluded_lines": 0}, "missing_lines": [202], "excluded_lines": []}, "TextSourcingAgent._validate_sources": {"executed_lines": [], "summary": {"covered_lines": 0, "num_statements": 17, "percent_covered": 0.0, "percent_covered_display": "0", "missing_lines": 17, "excluded_lines": 0}, "missing_lines": [206, 208, 209, 212, 213, 214, 215, 216, 219, 222, 224, 225, 226, 227, 229, 232, 233], "excluded_lines": []}, "TextSourcingAgent._assess_content_quality": {"executed_lines": [], "summary": {"covered_lines": 0, "num_statements": 15, "percent_covered": 0.0, "percent_covered_display": "0", "missing_lines": 15, "excluded_lines": 0}, "missing_lines": [237, 239, 241, 242, 244, 255, 265, 268, 269, 270, 271, 273, 275, 276, 277], "excluded_lines": []}, "TextSourcingAgent._fetch_content_sample": {"executed_lines": [], "summary": {"covered_lines": 0, "num_statements": 14, "percent_covered": 0.0, "percent_covered_display": "0", "missing_lines": 14, "excluded_lines": 0}, "missing_lines": [281, 282, 283, 285, 288, 289, 292, 295, 296, 297, 299, 301, 302, 303], "excluded_lines": []}, "TextSourcingAgent._infer_text_type": {"executed_lines": [], "summary": {"covered_lines": 0, "num_statements": 21, "percent_covered": 0.0, "percent_covered_display": "0", "missing_lines": 21, "excluded_lines": 0}, "missing_lines": [307, 308, 310, 311, 312, 313, 314, 315, 316, 317, 318, 319, 320, 321, 322, 323, 324, 325, 326, 327, 329], "excluded_lines": []}, "TextSourcingAgent._infer_language": {"executed_lines": [], "summary": {"covered_lines": 0, "num_statements": 15, "percent_covered": 0.0, "percent_covered_display": "0", "missing_lines": 15, "excluded_lines": 0}, "missing_lines": [333, 334, 336, 337, 338, 339, 340, 341, 342, 343, 344, 345, 346, 347, 349], "excluded_lines": []}, "TextSourcingAgent.close": {"executed_lines": [], "summary": {"covered_lines": 0, "num_statements": 1, "percent_covered": 0.0, "percent_covered_display": "0", "missing_lines": 1, "excluded_lines": 0}, "missing_lines": [353], "excluded_lines": []}, "": {"executed_lines": [1, 3, 4, 5, 6, 7, 9, 10, 11, 13, 14, 15, 18, 19, 21, 31, 41, 77, 108, 132, 174, 184, 194, 204, 235, 279, 305, 331, 351], "summary": {"covered_lines": 27, "num_statements": 27, "percent_covered": 100.0, "percent_covered_display": "100", "missing_lines": 0, "excluded_lines": 0}, "missing_lines": [], "excluded_lines": []}}, "classes": {"TextSourcingAgent": {"executed_lines": [], "summary": {"covered_lines": 0, "num_statements": 145, "percent_covered": 0.0, "percent_covered_display": "0", "missing_lines": 145, "excluded_lines": 0}, "missing_lines": [32, 36, 43, 44, 45, 46, 47, 49, 50, 56, 59, 61, 70, 71, 72, 85, 88, 90, 91, 92, 93, 94, 97, 99, 100, 101, 102, 103, 104, 106, 116, 118, 119, 120, 121, 122, 123, 126, 128, 129, 130, 139, 140, 142, 143, 147, 149, 150, 153, 154, 155, 156, 157, 159, 160, 168, 170, 171, 172, 182, 192, 202, 206, 208, 209, 212, 213, 214, 215, 216, 219, 222, 224, 225, 226, 227, 229, 232, 233, 237, 239, 241, 242, 244, 255, 265, 268, 269, 270, 271, 273, 275, 276, 277, 281, 282, 283, 285, 288, 289, 292, 295, 296, 297, 299, 301, 302, 303, 307, 308, 310, 311, 312, 313, 314, 315, 316, 317, 318, 319, 320, 321, 322, 323, 324, 325, 326, 327, 329, 333, 334, 336, 337, 338, 339, 340, 341, 342, 343, 344, 345, 346, 347, 349, 353], "excluded_lines": []}, "": {"executed_lines": [1, 3, 4, 5, 6, 7, 9, 10, 11, 13, 14, 15, 18, 19, 21, 31, 41, 77, 108, 132, 174, 184, 194, 204, 235, 279, 305, 331, 351], "summary": {"covered_lines": 27, "num_statements": 27, "percent_covered": 100.0, "percent_covered_display": "100", "missing_lines": 0, "excluded_lines": 0}, "missing_lines": [], "excluded_lines": []}}}, "yggdrasil/agents/theme_recognition.py": {"executed_lines": [1, 3, 4, 5, 6, 8, 9, 10, 11, 12, 14, 15, 18, 19, 20, 21, 22, 23, 24, 27, 28, 29, 30, 31, 32, 33, 36, 37, 39, 112, 126, 168, 193, 227, 272, 355, 372, 397, 420, 459, 463, 482], "summary": {"covered_lines": 38, "num_statements": 185, "percent_covered": 20.54054054054054, "percent_covered_display": "21", "missing_lines": 147, "excluded_lines": 0}, "missing_lines": [113, 119, 120, 121, 122, 123, 124, 128, 129, 130, 131, 132, 134, 135, 141, 144, 147, 149, 161, 162, 163, 175, 178, 179, 182, 183, 184, 187, 188, 191, 195, 196, 198, 199, 200, 203, 205, 206, 207, 209, 210, 211, 212, 214, 215, 217, 225, 229, 230, 232, 234, 236, 237, 238, 241, 244, 246, 247, 250, 253, 255, 256, 257, 259, 267, 268, 270, 279, 280, 302, 304, 324, 327, 328, 329, 331, 332, 335, 336, 337, 345, 347, 348, 349, 351, 352, 353, 357, 359, 360, 362, 365, 366, 367, 368, 370, 374, 376, 377, 379, 380, 382, 383, 384, 386, 387, 395, 403, 405, 407, 408, 409, 410, 411, 413, 415, 416, 418, 422, 425, 426, 428, 429, 430, 431, 434, 437, 438, 440, 441, 442, 445, 446, 448, 455, 457, 461, 465, 466, 468, 469, 471, 472, 474, 484, 485, 486], "excluded_lines": [], "functions": {"ThemeRecognitionAgent.__init__": {"executed_lines": [], "summary": {"covered_lines": 0, "num_statements": 7, "percent_covered": 0.0, "percent_covered_display": "0", "missing_lines": 7, "excluded_lines": 0}, "missing_lines": [113, 119, 120, 121, 122, 123, 124], "excluded_lines": []}, "ThemeRecognitionAgent.execute": {"executed_lines": [], "summary": {"covered_lines": 0, "num_statements": 14, "percent_covered": 0.0, "percent_covered_display": "0", "missing_lines": 14, "excluded_lines": 0}, "missing_lines": [128, 129, 130, 131, 132, 134, 135, 141, 144, 147, 149, 161, 162, 163], "excluded_lines": []}, "ThemeRecognitionAgent._detect_themes": {"executed_lines": [], "summary": {"covered_lines": 0, "num_statements": 9, "percent_covered": 0.0, "percent_covered_display": "0", "missing_lines": 9, "excluded_lines": 0}, "missing_lines": [175, 178, 179, 182, 183, 184, 187, 188, 191], "excluded_lines": []}, "ThemeRecognitionAgent._detect_by_keywords": {"executed_lines": [], "summary": {"covered_lines": 0, "num_statements": 17, "percent_covered": 0.0, "percent_covered_display": "0", "missing_lines": 17, "excluded_lines": 0}, "missing_lines": [195, 196, 198, 199, 200, 203, 205, 206, 207, 209, 210, 211, 212, 214, 215, 217, 225], "excluded_lines": []}, "ThemeRecognitionAgent._detect_by_semantics": {"executed_lines": [], "summary": {"covered_lines": 0, "num_statements": 20, "percent_covered": 0.0, "percent_covered_display": "0", "missing_lines": 20, "excluded_lines": 0}, "missing_lines": [229, 230, 232, 234, 236, 237, 238, 241, 244, 246, 247, 250, 253, 255, 256, 257, 259, 267, 268, 270], "excluded_lines": []}, "ThemeRecognitionAgent._detect_by_llm": {"executed_lines": [], "summary": {"covered_lines": 0, "num_statements": 20, "percent_covered": 0.0, "percent_covered_display": "0", "missing_lines": 20, "excluded_lines": 0}, "missing_lines": [279, 280, 302, 304, 324, 327, 328, 329, 331, 332, 335, 336, 337, 345, 347, 348, 349, 351, 352, 353], "excluded_lines": []}, "ThemeRecognitionAgent._map_theme_name": {"executed_lines": [], "summary": {"covered_lines": 0, "num_statements": 9, "percent_covered": 0.0, "percent_covered_display": "0", "missing_lines": 9, "excluded_lines": 0}, "missing_lines": [357, 359, 360, 362, 365, 366, 367, 368, 370], "excluded_lines": []}, "ThemeRecognitionAgent._parse_llm_text_response": {"executed_lines": [], "summary": {"covered_lines": 0, "num_statements": 11, "percent_covered": 0.0, "percent_covered_display": "0", "missing_lines": 11, "excluded_lines": 0}, "missing_lines": [374, 376, 377, 379, 380, 382, 383, 384, 386, 387, 395], "excluded_lines": []}, "ThemeRecognitionAgent._find_cross_references": {"executed_lines": [], "summary": {"covered_lines": 0, "num_statements": 11, "percent_covered": 0.0, "percent_covered_display": "0", "missing_lines": 11, "excluded_lines": 0}, "missing_lines": [403, 405, 407, 408, 409, 410, 411, 413, 415, 416, 418], "excluded_lines": []}, "ThemeRecognitionAgent._merge_theme_detections": {"executed_lines": [], "summary": {"covered_lines": 0, "num_statements": 18, "percent_covered": 0.0, "percent_covered_display": "0", "missing_lines": 18, "excluded_lines": 0}, "missing_lines": [422, 425, 426, 428, 429, 430, 431, 434, 437, 438, 440, 441, 442, 445, 446, 448, 455, 457], "excluded_lines": []}, "ThemeRecognitionAgent._rank_themes": {"executed_lines": [], "summary": {"covered_lines": 0, "num_statements": 1, "percent_covered": 0.0, "percent_covered_display": "0", "missing_lines": 1, "excluded_lines": 0}, "missing_lines": [461], "excluded_lines": []}, "ThemeRecognitionAgent._create_summary": {"executed_lines": [], "summary": {"covered_lines": 0, "num_statements": 7, "percent_covered": 0.0, "percent_covered_display": "0", "missing_lines": 7, "excluded_lines": 0}, "missing_lines": [465, 466, 468, 469, 471, 472, 474], "excluded_lines": []}, "ThemeRecognitionAgent._split_into_sentences": {"executed_lines": [], "summary": {"covered_lines": 0, "num_statements": 3, "percent_covered": 0.0, "percent_covered_display": "0", "missing_lines": 3, "excluded_lines": 0}, "missing_lines": [484, 485, 486], "excluded_lines": []}, "": {"executed_lines": [1, 3, 4, 5, 6, 8, 9, 10, 11, 12, 14, 15, 18, 19, 20, 21, 22, 23, 24, 27, 28, 29, 30, 31, 32, 33, 36, 37, 39, 112, 126, 168, 193, 227, 272, 355, 372, 397, 420, 459, 463, 482], "summary": {"covered_lines": 38, "num_statements": 38, "percent_covered": 100.0, "percent_covered_display": "100", "missing_lines": 0, "excluded_lines": 0}, "missing_lines": [], "excluded_lines": []}}, "classes": {"UniversalTheme": {"executed_lines": [], "summary": {"covered_lines": 0, "num_statements": 0, "percent_covered": 100.0, "percent_covered_display": "100", "missing_lines": 0, "excluded_lines": 0}, "missing_lines": [], "excluded_lines": []}, "DetectedTheme": {"executed_lines": [], "summary": {"covered_lines": 0, "num_statements": 0, "percent_covered": 100.0, "percent_covered_display": "100", "missing_lines": 0, "excluded_lines": 0}, "missing_lines": [], "excluded_lines": []}, "ThemeRecognitionAgent": {"executed_lines": [], "summary": {"covered_lines": 0, "num_statements": 147, "percent_covered": 0.0, "percent_covered_display": "0", "missing_lines": 147, "excluded_lines": 0}, "missing_lines": [113, 119, 120, 121, 122, 123, 124, 128, 129, 130, 131, 132, 134, 135, 141, 144, 147, 149, 161, 162, 163, 175, 178, 179, 182, 183, 184, 187, 188, 191, 195, 196, 198, 199, 200, 203, 205, 206, 207, 209, 210, 211, 212, 214, 215, 217, 225, 229, 230, 232, 234, 236, 237, 238, 241, 244, 246, 247, 250, 253, 255, 256, 257, 259, 267, 268, 270, 279, 280, 302, 304, 324, 327, 328, 329, 331, 332, 335, 336, 337, 345, 347, 348, 349, 351, 352, 353, 357, 359, 360, 362, 365, 366, 367, 368, 370, 374, 376, 377, 379, 380, 382, 383, 384, 386, 387, 395, 403, 405, 407, 408, 409, 410, 411, 413, 415, 416, 418, 422, 425, 426, 428, 429, 430, 431, 434, 437, 438, 440, 441, 442, 445, 446, 448, 455, 457, 461, 465, 466, 468, 469, 471, 472, 474, 484, 485, 486], "excluded_lines": []}, "": {"executed_lines": [1, 3, 4, 5, 6, 8, 9, 10, 11, 12, 14, 15, 18, 19, 20, 21, 22, 23, 24, 27, 28, 29, 30, 31, 32, 33, 36, 37, 39, 112, 126, 168, 193, 227, 272, 355, 372, 397, 420, 459, 463, 482], "summary": {"covered_lines": 38, "num_statements": 38, "percent_covered": 100.0, "percent_covered_display": "100", "missing_lines": 0, "excluded_lines": 0}, "missing_lines": [], "excluded_lines": []}}}, "yggdrasil/agents/translation_tracking.py": {"executed_lines": [1, 3, 4, 5, 6, 7, 9, 10, 12, 13, 14, 17, 18, 19, 20, 21, 22, 23, 26, 27, 28, 29, 30, 31, 32, 33, 36, 37, 38, 39, 40, 41, 42, 43, 44, 47, 48, 50, 58, 69, 75, 134, 206, 234, 284, 355, 411, 455, 499, 531], "summary": {"covered_lines": 45, "num_statements": 174, "percent_covered": 25.862068965517242, "percent_covered_display": "26", "missing_lines": 129, "excluded_lines": 0}, "missing_lines": [70, 77, 78, 79, 80, 81, 82, 83, 85, 86, 92, 97, 102, 107, 111, 127, 128, 129, 143, 144, 154, 156, 182, 185, 186, 188, 198, 199, 200, 202, 203, 204, 214, 217, 218, 221, 224, 227, 230, 232, 240, 243, 251, 252, 253, 255, 256, 266, 271, 272, 273, 282, 292, 293, 306, 328, 331, 332, 333, 335, 336, 345, 347, 348, 349, 351, 352, 353, 363, 366, 367, 369, 370, 372, 373, 381, 382, 392, 393, 394, 395, 396, 398, 399, 400, 409, 419, 420, 431, 441, 444, 445, 446, 447, 449, 451, 452, 453, 462, 463, 465, 466, 469, 471, 486, 488, 495, 496, 497, 501, 504, 505, 507, 508, 509, 510, 513, 516, 517, 519, 527, 529, 538, 539, 541, 542, 543, 545, 551], "excluded_lines": [], "functions": {"TranslationTrackingAgent.__init__": {"executed_lines": [], "summary": {"covered_lines": 0, "num_statements": 1, "percent_covered": 0.0, "percent_covered_display": "0", "missing_lines": 1, "excluded_lines": 0}, "missing_lines": [70], "excluded_lines": []}, "TranslationTrackingAgent.execute": {"executed_lines": [], "summary": {"covered_lines": 0, "num_statements": 17, "percent_covered": 0.0, "percent_covered_display": "0", "missing_lines": 17, "excluded_lines": 0}, "missing_lines": [77, 78, 79, 80, 81, 82, 83, 85, 86, 92, 97, 102, 107, 111, 127, 128, 129], "excluded_lines": []}, "TranslationTrackingAgent._analyze_translation": {"executed_lines": [], "summary": {"covered_lines": 0, "num_statements": 14, "percent_covered": 0.0, "percent_covered_display": "0", "missing_lines": 14, "excluded_lines": 0}, "missing_lines": [143, 144, 154, 156, 182, 185, 186, 188, 198, 199, 200, 202, 203, 204], "excluded_lines": []}, "TranslationTrackingAgent._detect_translation_issues": {"executed_lines": [], "summary": {"covered_lines": 0, "num_statements": 8, "percent_covered": 0.0, "percent_covered_display": "0", "missing_lines": 8, "excluded_lines": 0}, "missing_lines": [214, 217, 218, 221, 224, 227, 230, 232], "excluded_lines": []}, "TranslationTrackingAgent._detect_issues_by_patterns": {"executed_lines": [], "summary": {"covered_lines": 0, "num_statements": 12, "percent_covered": 0.0, "percent_covered_display": "0", "missing_lines": 12, "excluded_lines": 0}, "missing_lines": [240, 243, 251, 252, 253, 255, 256, 266, 271, 272, 273, 282], "excluded_lines": []}, "TranslationTrackingAgent._detect_issues_by_llm": {"executed_lines": [], "summary": {"covered_lines": 0, "num_statements": 16, "percent_covered": 0.0, "percent_covered_display": "0", "missing_lines": 16, "excluded_lines": 0}, "missing_lines": [292, 293, 306, 328, 331, 332, 333, 335, 336, 345, 347, 348, 349, 351, 352, 353], "excluded_lines": []}, "TranslationTrackingAgent._detect_linguistic_issues": {"executed_lines": [], "summary": {"covered_lines": 0, "num_statements": 18, "percent_covered": 0.0, "percent_covered_display": "0", "missing_lines": 18, "excluded_lines": 0}, "missing_lines": [363, 366, 367, 369, 370, 372, 373, 381, 382, 392, 393, 394, 395, 396, 398, 399, 400, 409], "excluded_lines": []}, "TranslationTrackingAgent._assess_translation_accuracy": {"executed_lines": [], "summary": {"covered_lines": 0, "num_statements": 12, "percent_covered": 0.0, "percent_covered_display": "0", "missing_lines": 12, "excluded_lines": 0}, "missing_lines": [419, 420, 431, 441, 444, 445, 446, 447, 449, 451, 452, 453], "excluded_lines": []}, "TranslationTrackingAgent._track_linguistic_evolution": {"executed_lines": [], "summary": {"covered_lines": 0, "num_statements": 11, "percent_covered": 0.0, "percent_covered_display": "0", "missing_lines": 11, "excluded_lines": 0}, "missing_lines": [462, 463, 465, 466, 469, 471, 486, 488, 495, 496, 497], "excluded_lines": []}, "TranslationTrackingAgent._merge_similar_issues": {"executed_lines": [], "summary": {"covered_lines": 0, "num_statements": 13, "percent_covered": 0.0, "percent_covered_display": "0", "missing_lines": 13, "excluded_lines": 0}, "missing_lines": [501, 504, 505, 507, 508, 509, 510, 513, 516, 517, 519, 527, 529], "excluded_lines": []}, "TranslationTrackingAgent._create_summary": {"executed_lines": [], "summary": {"covered_lines": 0, "num_statements": 7, "percent_covered": 0.0, "percent_covered_display": "0", "missing_lines": 7, "excluded_lines": 0}, "missing_lines": [538, 539, 541, 542, 543, 545, 551], "excluded_lines": []}, "": {"executed_lines": [1, 3, 4, 5, 6, 7, 9, 10, 12, 13, 14, 17, 18, 19, 20, 21, 22, 23, 26, 27, 28, 29, 30, 31, 32, 33, 36, 37, 38, 39, 40, 41, 42, 43, 44, 47, 48, 50, 58, 69, 75, 134, 206, 234, 284, 355, 411, 455, 499, 531], "summary": {"covered_lines": 45, "num_statements": 45, "percent_covered": 100.0, "percent_covered_display": "100", "missing_lines": 0, "excluded_lines": 0}, "missing_lines": [], "excluded_lines": []}}, "classes": {"TranslationChain": {"executed_lines": [], "summary": {"covered_lines": 0, "num_statements": 0, "percent_covered": 100.0, "percent_covered_display": "100", "missing_lines": 0, "excluded_lines": 0}, "missing_lines": [], "excluded_lines": []}, "TranslationIssue": {"executed_lines": [], "summary": {"covered_lines": 0, "num_statements": 0, "percent_covered": 100.0, "percent_covered_display": "100", "missing_lines": 0, "excluded_lines": 0}, "missing_lines": [], "excluded_lines": []}, "TranslationAnalysis": {"executed_lines": [], "summary": {"covered_lines": 0, "num_statements": 0, "percent_covered": 100.0, "percent_covered_display": "100", "missing_lines": 0, "exclude
[...]
], "excluded_lines": []}, "HybridScrapingManager._process_and_store_hybrid": {"executed_lines": [], "summary": {"covered_lines": 0, "num_statements": 31, "percent_covered": 0.0, "percent_covered_display": "0", "missing_lines": 31, "excluded_lines": 0}, "missing_lines": [95, 96, 97, 98, 101, 102, 103, 105, 107, 108, 109, 110, 111, 114, 115, 117, 118, 119, 122, 125, 126, 128, 129, 132, 133, 135, 137, 138, 139, 140, 142], "excluded_lines": []}, "HybridScrapingManager._store_batch_hybrid": {"executed_lines": [], "summary": {"covered_lines": 0, "num_statements": 39, "percent_covered": 0.0, "percent_covered_display": "0", "missing_lines": 39, "excluded_lines": 0}, "missing_lines": [152, 153, 154, 157, 158, 160, 161, 162, 164, 167, 172, 196, 199, 210, 212, 213, 214, 217, 218, 219, 221, 222, 223, 225, 227, 228, 229, 232, 233, 234, 236, 237, 238, 239, 241, 243, 244, 245, 247], "excluded_lines": []}, "HybridScrapingManager._determine_categories": {"executed_lines": [], "summary": {"covered_lines": 0, "num_statements": 21, "percent_covered": 0.0, "percent_covered_display": "0", "missing_lines": 21, "excluded_lines": 0}, "missing_lines": [251, 253, 266, 278, 279, 281, 282, 284, 286, 289, 290, 291, 293, 295, 301, 302, 303, 305, 307, 308, 309], "excluded_lines": []}, "": {"executed_lines": [], "summary": {"covered_lines": 0, "num_statements": 21, "percent_covered": 0.0, "percent_covered_display": "0", "missing_lines": 21, "excluded_lines": 0}, "missing_lines": [3, 4, 5, 6, 7, 8, 10, 11, 12, 13, 14, 15, 16, 19, 22, 27, 31, 91, 149, 249, 313], "excluded_lines": []}}, "classes": {"HybridScrapingManager": {"executed_lines": [], "summary": {"covered_lines": 0, "num_statements": 124, "percent_covered": 0.0, "percent_covered_display": "0", "missing_lines": 124, "excluded_lines": 0}, "missing_lines": [23, 24, 25, 29, 35, 36, 38, 50, 53, 54, 55, 58, 59, 60, 61, 64, 65, 68, 69, 70, 72, 74, 75, 76, 77, 80, 81, 82, 84, 85, 86, 87, 89, 95, 96, 97, 98, 101, 102, 103, 105, 107, 108, 109, 110, 111, 114, 115, 117, 118, 119, 122, 125, 126, 128, 129, 132, 133, 135, 137, 138, 139, 140, 142, 152, 153, 154, 157, 158, 160, 161, 162, 164, 167, 172, 196, 199, 210, 212, 213, 214, 217, 218, 219, 221, 222, 223, 225, 227, 228, 229, 232, 233, 234, 236, 237, 238, 239, 241, 243, 244, 245, 247, 251, 253, 266, 278, 279, 281, 282, 284, 286, 289, 290, 291, 293, 295, 301, 302, 303, 305, 307, 308, 309], "excluded_lines": []}, "": {"executed_lines": [], "summary": {"covered_lines": 0, "num_statements": 21, "percent_covered": 0.0, "percent_covered_display": "0", "missing_lines": 21, "excluded_lines": 0}, "missing_lines": [3, 4, 5, 6, 7, 8, 10, 11, 12, 13, 14, 15, 16, 19, 22, 27, 31, 91, 149, 249, 313], "excluded_lines": []}}}, "yggdrasil/scraping/text_processor.py": {"executed_lines": [], "summary": {"covered_lines": 0, "num_statements": 167, "percent_covered": 0.0, "percent_covered_display": "0", "missing_lines": 167, "excluded_lines": 0}, "missing_lines": [3, 4, 5, 6, 7, 9, 10, 13, 14, 16, 17, 18, 19, 20, 21, 22, 23, 26, 29, 30, 33, 50, 69, 71, 73, 74, 75, 76, 77, 78, 79, 81, 83, 86, 89, 92, 95, 98, 101, 104, 114, 125, 127, 128, 131, 134, 137, 140, 143, 146, 149, 152, 153, 154, 157, 158, 159, 162, 163, 165, 167, 169, 170, 172, 173, 174, 176, 177, 178, 181, 182, 184, 186, 189, 200, 203, 204, 205, 206, 209, 210, 212, 214, 215, 217, 218, 219, 221, 222, 223, 224, 225, 228, 231, 232, 233, 234, 236, 238, 243, 246, 247, 250, 251, 252, 253, 256, 258, 259, 260, 263, 264, 265, 268, 269, 270, 272, 274, 277, 283, 284, 285, 287, 289, 291, 292, 294, 295, 296, 299, 302, 303, 306, 307, 310, 316, 318, 322, 324, 326, 328, 329, 330, 331, 332, 333, 336, 337, 338, 340, 342, 344, 345, 347, 348, 349, 352, 353, 354, 356, 357, 358, 361, 362, 363, 364, 366], "excluded_lines": [], "functions": {"TextProcessor.__init__": {"executed_lines": [], "summary": {"covered_lines": 0, "num_statements": 3, "percent_covered": 0.0, "percent_covered_display": "0", "missing_lines": 3, "excluded_lines": 0}, "missing_lines": [30, 33, 50], "excluded_lines": []}, "TextProcessor.process_texts": {"executed_lines": [], "summary": {"covered_lines": 0, "num_statements": 9, "percent_covered": 0.0, "percent_covered_display": "0", "missing_lines": 9, "excluded_lines": 0}, "missing_lines": [71, 73, 74, 75, 76, 77, 78, 79, 81], "excluded_lines": []}, "TextProcessor.process_single_text": {"executed_lines": [], "summary": {"covered_lines": 0, "num_statements": 8, "percent_covered": 0.0, "percent_covered_display": "0", "missing_lines": 8, "excluded_lines": 0}, "missing_lines": [86, 89, 92, 95, 98, 101, 104, 114], "excluded_lines": []}, "TextProcessor.deep_clean_text": {"executed_lines": [], "summary": {"covered_lines": 0, "num_statements": 18, "percent_covered": 0.0, "percent_covered_display": "0", "missing_lines": 18, "excluded_lines": 0}, "missing_lines": [127, 128, 131, 134, 137, 140, 143, 146, 149, 152, 153, 154, 157, 158, 159, 162, 163, 165], "excluded_lines": []}, "TextProcessor.extract_themes": {"executed_lines": [], "summary": {"covered_lines": 0, "num_statements": 11, "percent_covered": 0.0, "percent_covered_display": "0", "missing_lines": 11, "excluded_lines": 0}, "missing_lines": [169, 170, 172, 173, 174, 176, 177, 178, 181, 182, 184], "excluded_lines": []}, "TextProcessor.extract_keywords": {"executed_lines": [], "summary": {"covered_lines": 0, "num_statements": 8, "percent_covered": 0.0, "percent_covered_display": "0", "missing_lines": 8, "excluded_lines": 0}, "missing_lines": [189, 200, 203, 204, 205, 206, 209, 210], "excluded_lines": []}, "TextProcessor.calculate_language_confidence": {"executed_lines": [], "summary": {"covered_lines": 0, "num_statements": 16, "percent_covered": 0.0, "percent_covered_display": "0", "missing_lines": 16, "excluded_lines": 0}, "missing_lines": [214, 215, 217, 218, 219, 221, 222, 223, 224, 225, 228, 231, 232, 233, 234, 236], "excluded_lines": []}, "TextProcessor.calculate_quality_score": {"executed_lines": [], "summary": {"covered_lines": 0, "num_statements": 18, "percent_covered": 0.0, "percent_covered_display": "0", "missing_lines": 18, "excluded_lines": 0}, "missing_lines": [243, 246, 247, 250, 251, 252, 253, 256, 258, 259, 260, 263, 264, 265, 268, 269, 270, 272], "excluded_lines": []}, "TextProcessor.has_verse_structure": {"executed_lines": [], "summary": {"covered_lines": 0, "num_statements": 5, "percent_covered": 0.0, "percent_covered_display": "0", "missing_lines": 5, "excluded_lines": 0}, "missing_lines": [277, 283, 284, 285, 287], "excluded_lines": []}, "TextProcessor.calculate_text_complexity": {"executed_lines": [], "summary": {"covered_lines": 0, "num_statements": 12, "percent_covered": 0.0, "percent_covered_display": "0", "missing_lines": 12, "excluded_lines": 0}, "missing_lines": [291, 292, 294, 295, 296, 299, 302, 303, 306, 307, 310, 316], "excluded_lines": []}, "TextProcessor.filter_by_quality": {"executed_lines": [], "summary": {"covered_lines": 0, "num_statements": 1, "percent_covered": 0.0, "percent_covered_display": "0", "missing_lines": 1, "excluded_lines": 0}, "missing_lines": [322], "excluded_lines": []}, "TextProcessor.group_by_theme": {"executed_lines": [], "summary": {"covered_lines": 0, "num_statements": 11, "percent_covered": 0.0, "percent_covered_display": "0", "missing_lines": 11, "excluded_lines": 0}, "missing_lines": [326, 328, 329, 330, 331, 332, 333, 336, 337, 338, 340], "excluded_lines": []}, "TextProcessor.get_processing_stats": {"executed_lines": [], "summary": {"covered_lines": 0, "num_statements": 16, "percent_covered": 0.0, "percent_covered_display": "0", "missing_lines": 16, "excluded_lines": 0}, "missing_lines": [344, 345, 347, 348, 349, 352, 353, 354, 356, 357, 358, 361, 362, 363, 364, 366], "excluded_lines": []}, "": {"executed_lines": [], "summary": {"covered_lines": 0, "num_statements": 31, "percent_covered": 0.0, "percent_covered_display": "0", "missing_lines": 31, "excluded_lines": 0}, "missing_lines": [3, 4, 5, 6, 7, 9, 10, 13, 14, 16, 17, 18, 19, 20, 21, 22, 23, 26, 29, 69, 83, 125, 167, 186, 212, 238, 274, 289, 318, 324, 342], "excluded_lines": []}}, "classes": {"ProcessedText": {"executed_lines": [], "summary": {"covered_lines": 0, "num_statements": 0, "percent_covered": 100.0, "percent_covered_display": "100", "missing_lines": 0, "excluded_lines": 0}, "missing_lines": [], "excluded_lines": []}, "TextProcessor": {"executed_lines": [], "summary": {"covered_lines": 0, "num_statements": 136, "percent_covered": 0.0, "percent_covered_display": "0", "missing_lines": 136, "excluded_lines": 0}, "missing_lines": [30, 33, 50, 71, 73, 74, 75, 76, 77, 78, 79, 81, 86, 89, 92, 95, 98, 101, 104, 114, 127, 128, 131, 134, 137, 140, 143, 146, 149, 152, 153, 154, 157, 158, 159, 162, 163, 165, 169, 170, 172, 173, 174, 176, 177, 178, 181, 182, 184, 189, 200, 203, 204, 205, 206, 209, 210, 214, 215, 217, 218, 219, 221, 222, 223, 224, 225, 228, 231, 232, 233, 234, 236, 243, 246, 247, 250, 251, 252, 253, 256, 258, 259, 260, 263, 264, 265, 268, 269, 270, 272, 277, 283, 284, 285, 287, 291, 292, 294, 295, 296, 299, 302, 303, 306, 307, 310, 316, 322, 326, 328, 329, 330, 331, 332, 333, 336, 337, 338, 340, 344, 345, 347, 348, 349, 352, 353, 354, 356, 357, 358, 361, 362, 363, 364, 366], "excluded_lines": []}, "": {"executed_lines": [], "summary": {"covered_lines": 0, "num_statements": 31, "percent_covered": 0.0, "percent_covered_display": "0", "missing_lines": 31, "excluded_lines": 0}, "missing_lines": [3, 4, 5, 6, 7, 9, 10, 13, 14, 16, 17, 18, 19, 20, 21, 22, 23, 26, 29, 69, 83, 125, 167, 186, 212, 238, 274, 289, 318, 324, 342], "excluded_lines": []}}}, "yggdrasil/scraping/yggdrasil_manager.py": {"executed_lines": [], "summary": {"covered_lines": 0, "num_statements": 130, "percent_covered": 0.0, "percent_covered_display": "0", "missing_lines": 130, "excluded_lines": 0}, "missing_lines": [3, 4, 5, 6, 7, 9, 10, 11, 12, 14, 17, 18, 19, 20, 22, 24, 25, 26, 28, 34, 36, 38, 39, 40, 41, 42, 43, 44, 45, 47, 50, 52, 53, 55, 56, 57, 59, 63, 70, 72, 73, 74, 75, 76, 77, 78, 79, 82, 83, 84, 85, 86, 89, 90, 91, 92, 93, 96, 97, 98, 99, 100, 101, 102, 103, 104, 106, 107, 109, 110, 111, 113, 118, 120, 122, 125, 148, 149, 151, 154, 155, 157, 158, 172, 173, 176, 177, 178, 193, 195, 197, 205, 206, 207, 209, 211, 214, 216, 217, 219, 240, 241, 243, 245, 246, 247, 249, 251, 256, 261, 262, 267, 268, 270, 272, 275, 276, 277, 278, 280, 281, 283, 284, 285, 286, 288, 289, 291, 292, 294], "excluded_lines": [], "functions": {"YggdrasilScrapingManager.__init__": {"executed_lines": [], "summary": {"covered_lines": 0, "num_statements": 3, "percent_covered": 0.0, "percent_covered_display": "0", "missing_lines": 3, "excluded_lines": 0}, "missing_lines": [18, 19, 20], "excluded_lines": []}, "YggdrasilScrapingManager.initialize": {"executed_lines": [], "summary": {"covered_lines": 0, "num_statements": 3, "percent_covered": 0.0, "percent_covered_display": "0", "missing_lines": 3, "excluded_lines": 0}, "missing_lines": [24, 25, 26], "excluded_lines": []}, "YggdrasilScrapingManager.import_complete_book": {"executed_lines": [], "summary": {"covered_lines": 0, "num_statements": 17, "percent_covered": 0.0, "percent_covered_display": "0", "missing_lines": 17, "excluded_lines": 0}, "missing_lines": [34, 36, 38, 39, 40, 41, 42, 43, 44, 45, 47, 50, 52, 53, 55, 56, 57], "excluded_lines": []}, "YggdrasilScrapingManager.scrape_academic_content": {"executed_lines": [], "summary": {"covered_lines": 0, "num_statements": 34, "percent_covered": 0.0, "percent_covered_display": "0", "missing_lines": 34, "excluded_lines": 0}, "missing_lines": [63, 70, 72, 73, 74, 75, 76, 77, 78, 79, 82, 83, 84, 85, 86, 89, 90, 91, 92, 93, 96, 97, 98, 99, 100, 101, 102, 103, 104, 106, 107, 109, 110, 111], "excluded_lines": []}, "YggdrasilScrapingManager._store_complete_book": {"executed_lines": [], "summary": {"covered_lines": 0, "num_statements": 23, "percent_covered": 0.0, "percent_covered_display": "0", "missing_lines": 23, "excluded_lines": 0}, "missing_lines": [118, 120, 122, 125, 148, 149, 151, 154, 155, 157, 158, 172, 173, 176, 177, 178, 193, 195, 197, 205, 206, 207, 209], "excluded_lines": []}, "YggdrasilScrapingManager._store_academic_paper": {"executed_lines": [], "summary": {"covered_lines": 0, "num_statements": 11, "percent_covered": 0.0, "percent_covered_display": "0", "missing_lines": 11, "excluded_lines": 0}, "missing_lines": [214, 216, 217, 219, 240, 241, 243, 245, 246, 247, 249], "excluded_lines": []}, "YggdrasilScrapingManager._get_or_create_category": {"executed_lines": [], "summary": {"covered_lines": 0, "num_statements": 6, "percent_covered": 0.0, "percent_covered_display": "0", "missing_lines": 6, "excluded_lines": 0}, "missing_lines": [256, 261, 262, 267, 268, 270], "excluded_lines": []}, "YggdrasilScrapingManager._split_text_into_chunks": {"executed_lines": [], "summary": {"covered_lines": 0, "num_statements": 15, "percent_covered": 0.0, "percent_covered_display": "0", "missing_lines": 15, "excluded_lines": 0}, "missing_lines": [275, 276, 277, 278, 280, 281, 283, 284, 285, 286, 288, 289, 291, 292, 294], "excluded_lines": []}, "": {"executed_lines": [], "summary": {"covered_lines": 0, "num_statements": 18, "percent_covered": 0.0, "percent_covered_display": "0", "missing_lines": 18, "excluded_lines": 0}, "missing_lines": [3, 4, 5, 6, 7, 9, 10, 11, 12, 14, 17, 22, 28, 59, 113, 211, 251, 272], "excluded_lines": []}}, "classes": {"YggdrasilScrapingManager": {"executed_lines": [], "summary": {"covered_lines": 0, "num_statements": 112, "percent_covered": 0.0, "percent_covered_display": "0", "missing_lines": 112, "excluded_lines": 0}, "missing_lines": [18, 19, 20, 24, 25, 26, 34, 36, 38, 39, 40, 41, 42, 43, 44, 45, 47, 50, 52, 53, 55, 56, 57, 63, 70, 72, 73, 74, 75, 76, 77, 78, 79, 82, 83, 84, 85, 86, 89, 90, 91, 92, 93, 96, 97, 98, 99, 100, 101, 102, 103, 104, 106, 107, 109, 110, 111, 118, 120, 122, 125, 148, 149, 151, 154, 155, 157, 158, 172, 173, 176, 177, 178, 193, 195, 197, 205, 206, 207, 209, 214, 216, 217, 219, 240, 241, 243, 245, 246, 247, 249, 256, 261, 262, 267, 268, 270, 275, 276, 277, 278, 280, 281, 283, 284, 285, 286, 288, 289, 291, 292, 294], "excluded_lines": []}, "": {"executed_lines": [], "summary": {"covered_lines": 0, "num_statements": 18, "percent_covered": 0.0, "percent_covered_display": "0", "missing_lines": 18, "excluded_lines": 0}, "missing_lines": [3, 4, 5, 6, 7, 9, 10, 11, 12, 14, 17, 22, 28, 59, 113, 211, 251, 272], "excluded_lines": []}}}, "yggdrasil/utils/__init__.py": {"executed_lines": [1], "summary": {"covered_lines": 0, "num_statements": 0, "percent_covered": 100.0, "percent_covered_display": "100", "missing_lines": 0, "excluded_lines": 0}, "missing_lines": [], "excluded_lines": [], "functions": {"": {"executed_lines": [1], "summary": {"covered_lines": 0, "num_statements": 0, "percent_covered": 100.0, "percent_covered_display": "100", "missing_lines": 0, "excluded_lines": 0}, "missing_lines": [], "excluded_lines": []}}, "classes": {"": {"executed_lines": [1], "summary": {"covered_lines": 0, "num_statements": 0, "percent_covered": 100.0, "percent_covered_display": "100", "missing_lines": 0, "excluded_lines": 0}, "missing_lines": [], "excluded_lines": []}}}, "yggdrasil/utils/exceptions.py": {"executed_lines": [1, 4, 5, 6, 9, 10, 11, 14, 15, 16, 19, 20, 21, 24, 25, 26, 29, 30, 31, 34, 35, 36, 39, 40, 41, 44, 45, 46], "summary": {"covered_lines": 18, "num_statements": 18, "percent_covered": 100.0, "percent_covered_display": "100", "missing_lines": 0, "excluded_lines": 0}, "missing_lines": [], "excluded_lines": [], "functions": {"": {"executed_lines": [1, 4, 5, 6, 9, 10, 11, 14, 15, 16, 19, 20, 21, 24, 25, 26, 29, 30, 31, 34, 35, 36, 39, 40, 41, 44, 45, 46], "summary": {"covered_lines": 18, "num_statements": 18, "percent_covered": 100.0, "percent_covered_display": "100", "missing_lines": 0, "excluded_lines": 0}, "missing_lines": [], "excluded_lines": []}}, "classes": {"YggdrasilException": {"executed_lines": [], "summary": {"covered_lines": 0, "num_statements": 0, "percent_covered": 100.0, "percent_covered_display": "100", "missing_lines": 0, "excluded_lines": 0}, "missing_lines": [], "excluded_lines": []}, "DatabaseConnectionError": {"executed_lines": [], "summary": {"covered_lines": 0, "num_statements": 0, "percent_covered": 100.0, "percent_covered_display": "100", "missing_lines": 0, "excluded_lines": 0}, "missing_lines": [], "excluded_lines": []}, "AgentInitializationError": {"executed_lines": [], "summary": {"covered_lines": 0, "num_statements": 0, "percent_covered": 100.0, "percent_covered_display": "100", "missing_lines": 0, "excluded_lines": 0}, "missing_lines": [], "excluded_lines": []}, "ScrapingError": {"executed_lines": [], "summary": {"covered_lines": 0, "num_statements": 0, "percent_covered": 100.0, "percent_covered_display": "100", "missing_lines": 0, "excluded_lines": 0}, "missing_lines": [], "excluded_lines": []}, "ConfigurationError": {"executed_lines": [], "summary": {"covered_lines": 0, "num_statements": 0, "percent_covered": 100.0, "percent_covered_display": "100", "missing_lines": 0, "excluded_lines": 0}, "missing_lines": [], "excluded_lines": []}, "MCPServerError": {"executed_lines": [], "summary": {"covered_lines": 0, "num_statements": 0, "percent_covered": 100.0, "percent_covered_display": "100", "missing_lines": 0, "excluded_lines": 0}, "missing_lines": [], "excluded_lines": []}, "QdrantConnectionError": {"executed_lines": [], "summary": {"covered_lines": 0, "num_statements": 0, "percent_covered": 100.0, "percent_covered_display": "100", "missing_lines": 0, "excluded_lines": 0}, "missing_lines": [], "excluded_lines": []}, "AIModelError": {"executed_lines": [], "summary": {"covered_lines": 0, "num_statements": 0, "percent_covered": 100.0, "percent_covered_display": "100", "missing_lines": 0, "excluded_lines": 0}, "missing_lines": [], "excluded_lines": []}, "ValidationError": {"executed_lines": [], "summary": {"covered_lines": 0, "num_statements": 0, "percent_covered": 100.0, "percent_covered_display": "100", "missing_lines": 0, "excluded_lines": 0}, "missing_lines": [], "excluded_lines": []}, "": {"executed_lines": [1, 4, 5, 6, 9, 10, 11, 14, 15, 16, 19, 20, 21, 24, 25, 26, 29, 30, 31, 34, 35, 36, 39, 40, 41, 44, 45, 46], "summary": {"covered_lines": 18, "num_statements": 18, "percent_covered": 100.0, "percent_covered_display": "100", "missing_lines": 0, "excluded_lines": 0}, "missing_lines": [], "excluded_lines": []}}}, "yggdrasil/utils/logging.py": {"executed_lines": [1, 3, 4, 5, 6, 9, 13, 16, 26, 27, 28, 29, 30, 32, 33, 35, 38, 40], "summary": {"covered_lines": 17, "num_statements": 17, "percent_covered": 100.0, "percent_covered_display": "100", "missing_lines": 0, "excluded_lines": 0}, "missing_lines": [], "excluded_lines": [], "functions": {"setup_logging": {"executed_lines": [13, 16, 26, 27, 28, 29, 30, 32, 33, 35], "summary": {"covered_lines": 10, "num_statements": 10, "percent_covered": 100.0, "percent_covered_display": "100", "missing_lines": 0, "excluded_lines": 0}, "missing_lines": [], "excluded_lines": []}, "get_logger": {"executed_lines": [40], "summary": {"covered_lines": 1, "num_statements": 1, "percent_covered": 100.0, "percent_covered_display": "100", "missing_lines": 0, "excluded_lines": 0}, "missing_lines": [], "excluded_lines": []}, "": {"executed_lines": [1, 3, 4, 5, 6, 9, 38], "summary": {"covered_lines": 6, "num_statements": 6, "percent_covered": 100.0, "percent_covered_display": "100", "missing_lines": 0, "excluded_lines": 0}, "missing_lines": [], "excluded_lines": []}}, "classes": {"": {"executed_lines": [1, 3, 4, 5, 6, 9, 13, 16, 26, 27, 28, 29, 30, 32, 33, 35, 38, 40], "summary": {"covered_lines": 17, "num_statements": 17, "percent_covered": 100.0, "percent_covered_display": "100", "missing_lines": 0, "excluded_lines": 0}, "missing_lines": [], "excluded_lines": []}}}}, "totals": {"covered_lines": 944, "num_statements": 4919, "percent_covered": 19.19089245781663, "percent_covered_display": "19", "missing_lines": 3975, "excluded_lines": 0}}